#
# There is insufficient memory for the Java Runtime Environment to continue.
# Native memory allocation (malloc) failed to allocate 1714096 bytes. Error detail: Chunk::new
# Possible reasons:
#   The system is out of physical RAM or swap space
#   This process is running with CompressedOops enabled, and the Java Heap may be blocking the growth of the native heap
# Possible solutions:
#   Reduce memory load on the system
#   Increase physical memory or swap space
#   Check if swap backing store is full
#   Decrease Java heap size (-Xmx/-Xms)
#   Decrease number of Java threads
#   Decrease Java thread stack sizes (-Xss)
#   Set larger code cache with -XX:ReservedCodeCacheSize=
#   JVM is running with Unscaled Compressed Oops mode in which the Java heap is
#     placed in the first 4GB address space. The Java Heap base address is the
#     maximum limit for the native heap growth. Please use -XX:HeapBaseMinAddress
#     to set the Java Heap base and to place the Java Heap above 4GB virtual address.
# This output file may be truncated or incomplete.
#
#  Out of Memory Error (arena.cpp:168), pid=25792, tid=25552
#
# JRE version: OpenJDK Runtime Environment Temurin-21.0.6+7 (21.0.6+7) (build 21.0.6+7-LTS)
# Java VM: OpenJDK 64-Bit Server VM Temurin-21.0.6+7 (21.0.6+7-LTS, mixed mode, sharing, tiered, compressed oops, compressed class ptrs, parallel gc, windows-amd64)
# No core dump will be written. Minidumps are not enabled by default on client versions of Windows
#

---------------  S U M M A R Y ------------

Command Line: --add-modules=ALL-SYSTEM --add-opens=java.base/java.util=ALL-UNNAMED --add-opens=java.base/java.lang=ALL-UNNAMED --add-opens=java.base/sun.nio.fs=ALL-UNNAMED -Declipse.application=org.eclipse.jdt.ls.core.id1 -Dosgi.bundles.defaultStartLevel=4 -Declipse.product=org.eclipse.jdt.ls.core.product -Djava.import.generatesMetadataFilesAtProjectRoot=false -DDetectVMInstallationsJob.disabled=true -Dfile.encoding=utf8 -XX:+UseParallelGC -XX:GCTimeRatio=4 -XX:AdaptiveSizePolicyWeight=90 -Dsun.zip.disableMemoryMapping=true -Xmx1G -Xms100m -Xlog:disable -javaagent:c:\Users\PMLS\.cursor\extensions\redhat.java-1.40.0-win32-x64\lombok\lombok-1.18.36.jar -XX:+HeapDumpOnOutOfMemoryError -XX:HeapDumpPath=c:\Users\PMLS\AppData\Roaming\Cursor\User\workspaceStorage\378ecf23b01c2f05c6648fc96fc238f3\redhat.java -Daether.dependencyCollector.impl=bf c:\Users\PMLS\.cursor\extensions\redhat.java-1.40.0-win32-x64\server\plugins\org.eclipse.equinox.launcher_1.6.1000.v20250131-0606.jar -configuration c:\Users\PMLS\AppData\Roaming\Cursor\User\globalStorage\redhat.java\1.40.0\config_win -data c:\Users\PMLS\AppData\Roaming\Cursor\User\workspaceStorage\378ecf23b01c2f05c6648fc96fc238f3\redhat.java\jdt_ws --pipe=\\.\pipe\lsp-84b05f8b411271e9d0c6a34ec5693e2e-sock

Host: 12th Gen Intel(R) Core(TM) i5-1235U, 12 cores, 7G,  Windows 11 , 64 bit Build 22621 (10.0.22621.4974)
Time: Wed Mar 19 21:48:31 2025 Pakistan Standard Time elapsed time: 40.913793 seconds (0d 0h 0m 40s)

---------------  T H R E A D  ---------------

Current thread (0x000001ddfed93280):  JavaThread "C2 CompilerThread0" daemon [_thread_in_native, id=25552, stack(0x0000006c63d00000,0x0000006c63e00000) (1024K)]


Current CompileTask:
C2:40914 5069   !   4       org.eclipse.osgi.internal.loader.BundleLoader::findClass0 (491 bytes)

Stack: [0x0000006c63d00000,0x0000006c63e00000]
Native frames: (J=compiled Java code, j=interpreted, Vv=VM code, C=native code)
V  [jvm.dll+0x6cdee9]
V  [jvm.dll+0x8a83d1]
V  [jvm.dll+0x8aa8fe]
V  [jvm.dll+0x8aafe3]
V  [jvm.dll+0x27f706]
V  [jvm.dll+0xc500d]
V  [jvm.dll+0xc5543]
V  [jvm.dll+0x3b6752]
V  [jvm.dll+0x382935]
V  [jvm.dll+0x381d9a]
V  [jvm.dll+0x2479f0]
V  [jvm.dll+0x246fcf]
V  [jvm.dll+0x1c75ee]
V  [jvm.dll+0x25685a]
V  [jvm.dll+0x254dfa]
V  [jvm.dll+0x3f0256]
V  [jvm.dll+0x851f8b]
V  [jvm.dll+0x6cc5ed]
C  [ucrtbase.dll+0x29333]
C  [KERNEL32.DLL+0x1259d]
C  [ntdll.dll+0x5af38]


---------------  P R O C E S S  ---------------

Threads class SMR info:
_java_thread_list=0x000001ddd77e40c0, length=30, elements={
0x000001ddf79a3f90, 0x000001ddfcd8e6b0, 0x000001ddfed86790, 0x000001ddfed89890,
0x000001ddfed8b7b0, 0x000001ddfed8e9f0, 0x000001ddfed92460, 0x000001ddfed93280,
0x000001ddfeda7a70, 0x000001ddf7a0f790, 0x000001ddff0cbe50, 0x000001ddff616bd0,
0x000001ddd4186910, 0x000001ddff2ae680, 0x000001ddfef6d4e0, 0x000001ddd426c000,
0x000001ddff1df800, 0x000001ddff1f9e90, 0x000001ddff1f8ae0, 0x000001ddff1f9800,
0x000001ddff1fa520, 0x000001ddff1fabb0, 0x000001ddd47287e0, 0x000001ddff1fb8d0,
0x000001ddd4f73f10, 0x000001ddd4f76670, 0x000001ddd4f71e40, 0x000001ddd4f77390,
0x000001ddd4f724d0, 0x000001ddd4f72b60
}

Java Threads: ( => current thread )
  0x000001ddf79a3f90 JavaThread "main"                              [_thread_blocked, id=20576, stack(0x0000006c63300000,0x0000006c63400000) (1024K)]
  0x000001ddfcd8e6b0 JavaThread "Reference Handler"          daemon [_thread_blocked, id=11372, stack(0x0000006c63700000,0x0000006c63800000) (1024K)]
  0x000001ddfed86790 JavaThread "Finalizer"                  daemon [_thread_blocked, id=12152, stack(0x0000006c63800000,0x0000006c63900000) (1024K)]
  0x000001ddfed89890 JavaThread "Signal Dispatcher"          daemon [_thread_blocked, id=9984, stack(0x0000006c63900000,0x0000006c63a00000) (1024K)]
  0x000001ddfed8b7b0 JavaThread "Attach Listener"            daemon [_thread_blocked, id=24540, stack(0x0000006c63a00000,0x0000006c63b00000) (1024K)]
  0x000001ddfed8e9f0 JavaThread "Service Thread"             daemon [_thread_blocked, id=8880, stack(0x0000006c63b00000,0x0000006c63c00000) (1024K)]
  0x000001ddfed92460 JavaThread "Monitor Deflation Thread"   daemon [_thread_blocked, id=5360, stack(0x0000006c63c00000,0x0000006c63d00000) (1024K)]
=>0x000001ddfed93280 JavaThread "C2 CompilerThread0"         daemon [_thread_in_native, id=25552, stack(0x0000006c63d00000,0x0000006c63e00000) (1024K)]
  0x000001ddfeda7a70 JavaThread "C1 CompilerThread0"         daemon [_thread_blocked, id=15168, stack(0x0000006c63e00000,0x0000006c63f00000) (1024K)]
  0x000001ddf7a0f790 JavaThread "Common-Cleaner"             daemon [_thread_blocked, id=27300, stack(0x0000006c63f00000,0x0000006c64000000) (1024K)]
  0x000001ddff0cbe50 JavaThread "Notification Thread"        daemon [_thread_blocked, id=13364, stack(0x0000006c64100000,0x0000006c64200000) (1024K)]
  0x000001ddff616bd0 JavaThread "Active Thread: Equinox Container: da3e4ab2-de1b-46f8-9585-00a1ccbdd223"        [_thread_blocked, id=24368, stack(0x0000006c64900000,0x0000006c64a00000) (1024K)]
  0x000001ddd4186910 JavaThread "Refresh Thread: Equinox Container: da3e4ab2-de1b-46f8-9585-00a1ccbdd223" daemon [_thread_blocked, id=14640, stack(0x0000006c64000000,0x0000006c64100000) (1024K)]
  0x000001ddff2ae680 JavaThread "Framework Event Dispatcher: Equinox Container: da3e4ab2-de1b-46f8-9585-00a1ccbdd223" daemon [_thread_blocked, id=24840, stack(0x0000006c64a00000,0x0000006c64b00000) (1024K)]
  0x000001ddfef6d4e0 JavaThread "Start Level: Equinox Container: da3e4ab2-de1b-46f8-9585-00a1ccbdd223" daemon [_thread_blocked, id=24164, stack(0x0000006c64b00000,0x0000006c64c00000) (1024K)]
  0x000001ddd426c000 JavaThread "Bundle File Closer"         daemon [_thread_blocked, id=15596, stack(0x0000006c64c00000,0x0000006c64d00000) (1024K)]
  0x000001ddff1df800 JavaThread "SCR Component Actor"        daemon [_thread_blocked, id=9260, stack(0x0000006c64e00000,0x0000006c64f00000) (1024K)]
  0x000001ddff1f9e90 JavaThread "SCR Component Registry"     daemon [_thread_blocked, id=18272, stack(0x0000006c64f00000,0x0000006c65000000) (1024K)]
  0x000001ddff1f8ae0 JavaThread "Worker-JM"                         [_thread_blocked, id=12628, stack(0x0000006c65100000,0x0000006c65200000) (1024K)]
  0x000001ddff1f9800 JavaThread "JNA Cleaner"                daemon [_thread_blocked, id=6620, stack(0x0000006c65000000,0x0000006c65100000) (1024K)]
  0x000001ddff1fa520 JavaThread "Worker-0"                          [_thread_blocked, id=19304, stack(0x0000006c65200000,0x0000006c65300000) (1024K)]
  0x000001ddff1fabb0 JavaThread "Worker-1: Updating Maven Dependencies"        [_thread_blocked, id=3768, stack(0x0000006c65300000,0x0000006c65400000) (1024K)]
  0x000001ddd47287e0 JavaThread "C2 CompilerThread1"         daemon [_thread_in_native, id=14776, stack(0x0000006c65400000,0x0000006c65500000) (1024K)]
  0x000001ddff1fb8d0 JavaThread "Java indexing"              daemon [_thread_blocked, id=9996, stack(0x0000006c65500000,0x0000006c65600000) (1024K)]
  0x000001ddd4f73f10 JavaThread "Worker-2: Repository registry initialization"        [_thread_in_vm, id=24244, stack(0x0000006c65600000,0x0000006c65700000) (1024K)]
  0x000001ddd4f76670 JavaThread "Worker-3: Initialize After Load"        [_thread_blocked, id=1852, stack(0x0000006c65700000,0x0000006c65800000) (1024K)]
  0x000001ddd4f71e40 JavaThread "Worker-4"                          [_thread_blocked, id=25344, stack(0x0000006c65a00000,0x0000006c65b00000) (1024K)]
  0x000001ddd4f77390 JavaThread "Worker-5"                          [_thread_blocked, id=23736, stack(0x0000006c65b00000,0x0000006c65c00000) (1024K)]
  0x000001ddd4f724d0 JavaThread "pool-2-thread-1"                   [_thread_blocked, id=5664, stack(0x0000006c65c00000,0x0000006c65d00000) (1024K)]
  0x000001ddd4f72b60 JavaThread "Framework stop - Equinox Container: da3e4ab2-de1b-46f8-9585-00a1ccbdd223"        [_thread_blocked, id=11116, stack(0x0000006c65d00000,0x0000006c65e00000) (1024K)]
Total: 30

Other Threads:
  0x000001ddf7a5eb20 VMThread "VM Thread"                           [id=12820, stack(0x0000006c63600000,0x0000006c63700000) (1024K)]
  0x000001ddfcc6cb20 WatcherThread "VM Periodic Task Thread"        [id=17088, stack(0x0000006c63500000,0x0000006c63600000) (1024K)]
  0x000001ddf79c2170 WorkerThread "GC Thread#0"                     [id=19264, stack(0x0000006c63400000,0x0000006c63500000) (1024K)]
  0x000001ddff5f6920 WorkerThread "GC Thread#1"                     [id=8728, stack(0x0000006c64200000,0x0000006c64300000) (1024K)]
  0x000001ddff5f6cc0 WorkerThread "GC Thread#2"                     [id=3036, stack(0x0000006c64300000,0x0000006c64400000) (1024K)]
  0x000001ddff5f7060 WorkerThread "GC Thread#3"                     [id=6364, stack(0x0000006c64400000,0x0000006c64500000) (1024K)]
  0x000001ddff3d4d10 WorkerThread "GC Thread#4"                     [id=18516, stack(0x0000006c64500000,0x0000006c64600000) (1024K)]
  0x000001ddff3d50b0 WorkerThread "GC Thread#5"                     [id=8212, stack(0x0000006c64600000,0x0000006c64700000) (1024K)]
  0x000001ddff3d5450 WorkerThread "GC Thread#6"                     [id=2800, stack(0x0000006c64700000,0x0000006c64800000) (1024K)]
  0x000001ddfef72260 WorkerThread "GC Thread#7"                     [id=24008, stack(0x0000006c64800000,0x0000006c64900000) (1024K)]
  0x000001ddff841840 WorkerThread "GC Thread#8"                     [id=21196, stack(0x0000006c63200000,0x0000006c63300000) (1024K)]
  0x000001ddff841be0 WorkerThread "GC Thread#9"                     [id=19884, stack(0x0000006c64d00000,0x0000006c64e00000) (1024K)]
Total: 12

Threads with active compile tasks:
C2 CompilerThread0  40963 5069   !   4       org.eclipse.osgi.internal.loader.BundleLoader::findClass0 (491 bytes)
C2 CompilerThread1  40963 5051   !   4       org.eclipse.osgi.internal.loader.classpath.ClasspathManager::defineClass (636 bytes)
Total: 2

VM state: not at safepoint (normal execution)

VM Mutex/Monitor currently owned by a thread: None

Heap address: 0x00000000c0000000, size: 1024 MB, Compressed Oops mode: 32-bit

CDS archive(s) mapped at: [0x000001dd8f000000-0x000001dd8fba0000-0x000001dd8fba0000), size 12189696, SharedBaseAddress: 0x000001dd8f000000, ArchiveRelocationMode: 1.
Compressed class space mapped at: 0x000001dd90000000-0x000001ddd0000000, reserved size: 1073741824
Narrow klass base: 0x000001dd8f000000, Narrow klass shift: 0, Narrow klass range: 0x100000000

GC Precious Log:
 CardTable entry size: 512
 CPUs: 12 total, 12 available
 Memory: 7916M
 Large Page Support: Disabled
 NUMA Support: Disabled
 Compressed Oops: Enabled (32-bit)
 Alignments: Space 512K, Generation 512K, Heap 2M
 Heap Min Capacity: 100M
 Heap Initial Capacity: 100M
 Heap Max Capacity: 1G
 Pre-touch: Disabled
 Parallel Workers: 10

Heap:
 PSYoungGen      total 23040K, used 5287K [0x00000000eab00000, 0x00000000ec480000, 0x0000000100000000)
  eden space 22016K, 19% used [0x00000000eab00000,0x00000000eaf29db0,0x00000000ec080000)
  from space 1024K, 100% used [0x00000000ec280000,0x00000000ec380000,0x00000000ec380000)
  to   space 1024K, 0% used [0x00000000ec380000,0x00000000ec380000,0x00000000ec480000)
 ParOldGen       total 68608K, used 18181K [0x00000000c0000000, 0x00000000c4300000, 0x00000000eab00000)
  object space 68608K, 26% used [0x00000000c0000000,0x00000000c11c15e0,0x00000000c4300000)
 Metaspace       used 38998K, committed 40192K, reserved 1114112K
  class space    used 4042K, committed 4544K, reserved 1048576K

Card table byte_map: [0x000001ddf7360000,0x000001ddf7570000] _byte_map_base: 0x000001ddf6d60000

Marking Bits: (ParMarkBitMap*) 0x00007ffc9b773260
 Begin Bits: [0x000001ddfab90000, 0x000001ddfbb90000)
 End Bits:   [0x000001ddfbb90000, 0x000001ddfcb90000)

Polling page: 0x000001ddf5830000

Metaspace:

Usage:
  Non-class:     34.14 MB used.
      Class:      3.95 MB used.
       Both:     38.08 MB used.

Virtual space:
  Non-class space:       64.00 MB reserved,      34.81 MB ( 54%) committed,  1 nodes.
      Class space:        1.00 GB reserved,       4.44 MB ( <1%) committed,  1 nodes.
             Both:        1.06 GB reserved,      39.25 MB (  4%) committed. 

Chunk freelists:
   Non-Class:  12.91 MB
       Class:  11.47 MB
        Both:  24.38 MB

MaxMetaspaceSize: unlimited
CompressedClassSpaceSize: 1.00 GB
Initial GC threshold: 21.00 MB
Current GC threshold: 58.38 MB
CDS: on
 - commit_granule_bytes: 65536.
 - commit_granule_words: 8192.
 - virtual_space_node_default_size: 8388608.
 - enlarge_chunks_in_place: 1.
 - use_allocation_guard: 0.


Internal statistics:

num_allocs_failed_limit: 8.
num_arena_births: 750.
num_arena_deaths: 32.
num_vsnodes_births: 2.
num_vsnodes_deaths: 0.
num_space_committed: 628.
num_space_uncommitted: 0.
num_chunks_returned_to_freelist: 45.
num_chunks_taken_from_freelist: 2449.
num_chunk_merges: 14.
num_chunk_splits: 1545.
num_chunks_enlarged: 928.
num_inconsistent_stats: 0.

CodeHeap 'non-profiled nmethods': size=120000Kb used=2218Kb max_used=2218Kb free=117781Kb
 bounds [0x000001dd87ad0000, 0x000001dd87d40000, 0x000001dd8f000000]
CodeHeap 'profiled nmethods': size=120000Kb used=9402Kb max_used=9904Kb free=110597Kb
 bounds [0x000001dd80000000, 0x000001dd809b0000, 0x000001dd87530000]
CodeHeap 'non-nmethods': size=5760Kb used=1355Kb max_used=1420Kb free=4405Kb
 bounds [0x000001dd87530000, 0x000001dd877a0000, 0x000001dd87ad0000]
 total_blobs=5242 nmethods=4591 adapters=557
 compilation: enabled
              stopped_count=0, restarted_count=0
 full_count=0

Compilation events (20 events):
Event: 40.871 Thread 0x000001ddfeda7a70 nmethod 5158 0x000001dd800caf90 code [0x000001dd800cb340, 0x000001dd800ccc90]
Event: 40.871 Thread 0x000001ddfeda7a70 5159       3       com.google.common.collect.UnmodifiableIterator::<init> (5 bytes)
Event: 40.871 Thread 0x000001ddfeda7a70 nmethod 5159 0x000001dd8005ae90 code [0x000001dd8005b040, 0x000001dd8005b1a8]
Event: 40.877 Thread 0x000001ddfeda7a70 5161       3       com.google.common.collect.RegularImmutableList::listIterator (9 bytes)
Event: 40.878 Thread 0x000001ddfeda7a70 nmethod 5161 0x000001dd800ca490 code [0x000001dd800ca6a0, 0x000001dd800cac98]
Event: 40.878 Thread 0x000001ddfeda7a70 5162       3       com.google.common.collect.ImmutableList::iterator (5 bytes)
Event: 40.878 Thread 0x000001ddfeda7a70 nmethod 5162 0x000001dd800ca090 code [0x000001dd800ca240, 0x000001dd800ca408]
Event: 40.879 Thread 0x000001ddfeda7a70 5164       3       com.google.common.collect.Lists::newArrayList (8 bytes)
Event: 40.880 Thread 0x000001ddfeda7a70 nmethod 5164 0x000001dd80268290 code [0x000001dd80268440, 0x000001dd80268720]
Event: 40.889 Thread 0x000001ddfeda7a70 5165       3       sun.reflect.annotation.AnnotatedTypeFactory::buildAnnotatedType (156 bytes)
Event: 40.891 Thread 0x000001ddfeda7a70 nmethod 5165 0x000001dd807bea10 code [0x000001dd807bede0, 0x000001dd807c0898]
Event: 40.892 Thread 0x000001ddfeda7a70 5166       3       sun.reflect.annotation.TypeAnnotationParser::mapTypeAnnotations (128 bytes)
Event: 40.894 Thread 0x000001ddfeda7a70 nmethod 5166 0x000001dd80060990 code [0x000001dd80060cc0, 0x000001dd80061cd0]
Event: 40.902 Thread 0x000001ddfeda7a70 5167       3       java.lang.Class::copyConstructors (38 bytes)
Event: 40.904 Thread 0x000001ddfeda7a70 nmethod 5167 0x000001dd807bd810 code [0x000001dd807bda80, 0x000001dd807be550]
Event: 40.904 Thread 0x000001ddfeda7a70 5169       3       com.google.inject.spi.InjectionPoint$$Lambda/0x000001dd90430248::test (8 bytes)
Event: 40.905 Thread 0x000001ddfeda7a70 nmethod 5169 0x000001dd80267710 code [0x000001dd80267920, 0x000001dd80268078]
Event: 40.905 Thread 0x000001ddfeda7a70 5168       3       com.google.inject.internal.LinkedBindingImpl::<init> (14 bytes)
Event: 40.905 Thread 0x000001ddfeda7a70 nmethod 5168 0x000001dd80267210 code [0x000001dd802673c0, 0x000001dd802675f8]
Event: 40.908 Thread 0x000001ddfeda7a70 5170       3       com.google.common.collect.ImmutableList::asImmutableList (69 bytes)

GC Heap History (20 events):
Event: 37.838 GC heap before
{Heap before GC invocations=8 (full 1):
 PSYoungGen      total 29184K, used 4184K [0x00000000eab00000, 0x00000000ecc00000, 0x0000000100000000)
  eden space 24576K, 0% used [0x00000000eab00000,0x00000000eab00000,0x00000000ec300000)
  from space 4608K, 90% used [0x00000000ec380000,0x00000000ec7962f8,0x00000000ec800000)
  to   space 4096K, 0% used [0x00000000ec800000,0x00000000ec800000,0x00000000ecc00000)
 ParOldGen       total 68608K, used 9850K [0x00000000c0000000, 0x00000000c4300000, 0x00000000eab00000)
  object space 68608K, 14% used [0x00000000c0000000,0x00000000c099e890,0x00000000c4300000)
 Metaspace       used 20698K, committed 21504K, reserved 1114112K
  class space    used 2086K, committed 2432K, reserved 1048576K
}
Event: 37.884 GC heap after
{Heap after GC invocations=8 (full 1):
 PSYoungGen      total 29184K, used 0K [0x00000000eab00000, 0x00000000ecc00000, 0x0000000100000000)
  eden space 24576K, 0% used [0x00000000eab00000,0x00000000eab00000,0x00000000ec300000)
  from space 4608K, 0% used [0x00000000ec380000,0x00000000ec380000,0x00000000ec800000)
  to   space 4096K, 0% used [0x00000000ec800000,0x00000000ec800000,0x00000000ecc00000)
 ParOldGen       total 68608K, used 13028K [0x00000000c0000000, 0x00000000c4300000, 0x00000000eab00000)
  object space 68608K, 18% used [0x00000000c0000000,0x00000000c0cb91f8,0x00000000c4300000)
 Metaspace       used 20685K, committed 21504K, reserved 1114112K
  class space    used 2083K, committed 2432K, reserved 1048576K
}
Event: 38.174 GC heap before
{Heap before GC invocations=9 (full 1):
 PSYoungGen      total 29184K, used 24576K [0x00000000eab00000, 0x00000000ecc00000, 0x0000000100000000)
  eden space 24576K, 100% used [0x00000000eab00000,0x00000000ec300000,0x00000000ec300000)
  from space 4608K, 0% used [0x00000000ec380000,0x00000000ec380000,0x00000000ec800000)
  to   space 4096K, 0% used [0x00000000ec800000,0x00000000ec800000,0x00000000ecc00000)
 ParOldGen       total 68608K, used 13028K [0x00000000c0000000, 0x00000000c4300000, 0x00000000eab00000)
  object space 68608K, 18% used [0x00000000c0000000,0x00000000c0cb91f8,0x00000000c4300000)
 Metaspace       used 23284K, committed 24128K, reserved 1114112K
  class space    used 2241K, committed 2560K, reserved 1048576K
}
Event: 38.176 GC heap after
{Heap after GC invocations=9 (full 1):
 PSYoungGen      total 25088K, used 957K [0x00000000eab00000, 0x00000000ec900000, 0x0000000100000000)
  eden space 24064K, 0% used [0x00000000eab00000,0x00000000eab00000,0x00000000ec280000)
  from space 1024K, 93% used [0x00000000ec800000,0x00000000ec8ef708,0x00000000ec900000)
  to   space 2560K, 0% used [0x00000000ec400000,0x00000000ec400000,0x00000000ec680000)
 ParOldGen       total 68608K, used 13028K [0x00000000c0000000, 0x00000000c4300000, 0x00000000eab00000)
  object space 68608K, 18% used [0x00000000c0000000,0x00000000c0cb91f8,0x00000000c4300000)
 Metaspace       used 23284K, committed 24128K, reserved 1114112K
  class space    used 2241K, committed 2560K, reserved 1048576K
}
Event: 38.515 GC heap before
{Heap before GC invocations=10 (full 1):
 PSYoungGen      total 25088K, used 25021K [0x00000000eab00000, 0x00000000ec900000, 0x0000000100000000)
  eden space 24064K, 100% used [0x00000000eab00000,0x00000000ec280000,0x00000000ec280000)
  from space 1024K, 93% used [0x00000000ec800000,0x00000000ec8ef708,0x00000000ec900000)
  to   space 2560K, 0% used [0x00000000ec400000,0x00000000ec400000,0x00000000ec680000)
 ParOldGen       total 68608K, used 13028K [0x00000000c0000000, 0x00000000c4300000, 0x00000000eab00000)
  object space 68608K, 18% used [0x00000000c0000000,0x00000000c0cb91f8,0x00000000c4300000)
 Metaspace       used 26336K, committed 27136K, reserved 1114112K
  class space    used 2484K, committed 2816K, reserved 1048576K
}
Event: 38.518 GC heap after
{Heap after GC invocations=10 (full 1):
 PSYoungGen      total 26112K, used 1830K [0x00000000eab00000, 0x00000000ec880000, 0x0000000100000000)
  eden space 23552K, 0% used [0x00000000eab00000,0x00000000eab00000,0x00000000ec200000)
  from space 2560K, 71% used [0x00000000ec400000,0x00000000ec5c9890,0x00000000ec680000)
  to   space 2048K, 0% used [0x00000000ec680000,0x00000000ec680000,0x00000000ec880000)
 ParOldGen       total 68608K, used 13817K [0x00000000c0000000, 0x00000000c4300000, 0x00000000eab00000)
  object space 68608K, 20% used [0x00000000c0000000,0x00000000c0d7e708,0x00000000c4300000)
 Metaspace       used 26336K, committed 27136K, reserved 1114112K
  class space    used 2484K, committed 2816K, reserved 1048576K
}
Event: 38.904 GC heap before
{Heap before GC invocations=11 (full 1):
 PSYoungGen      total 26112K, used 25382K [0x00000000eab00000, 0x00000000ec880000, 0x0000000100000000)
  eden space 23552K, 100% used [0x00000000eab00000,0x00000000ec200000,0x00000000ec200000)
  from space 2560K, 71% used [0x00000000ec400000,0x00000000ec5c9890,0x00000000ec680000)
  to   space 2048K, 0% used [0x00000000ec680000,0x00000000ec680000,0x00000000ec880000)
 ParOldGen       total 68608K, used 13817K [0x00000000c0000000, 0x00000000c4300000, 0x00000000eab00000)
  object space 68608K, 20% used [0x00000000c0000000,0x00000000c0d7e708,0x00000000c4300000)
 Metaspace       used 28584K, committed 29568K, reserved 1114112K
  class space    used 2689K, committed 3072K, reserved 1048576K
}
Event: 38.907 GC heap after
{Heap after GC invocations=11 (full 1):
 PSYoungGen      total 25088K, used 2039K [0x00000000eab00000, 0x00000000ec880000, 0x0000000100000000)
  eden space 23040K, 0% used [0x00000000eab00000,0x00000000eab00000,0x00000000ec180000)
  from space 2048K, 99% used [0x00000000ec680000,0x00000000ec87dd00,0x00000000ec880000)
  to   space 3072K, 0% used [0x00000000ec280000,0x00000000ec280000,0x00000000ec580000)
 ParOldGen       total 68608K, used 14424K [0x00000000c0000000, 0x00000000c4300000, 0x00000000eab00000)
  object space 68608K, 21% used [0x00000000c0000000,0x00000000c0e163c8,0x00000000c4300000)
 Metaspace       used 28584K, committed 29568K, reserved 1114112K
  class space    used 2689K, committed 3072K, reserved 1048576K
}
Event: 39.397 GC heap before
{Heap before GC invocations=12 (full 1):
 PSYoungGen      total 25088K, used 25072K [0x00000000eab00000, 0x00000000ec880000, 0x0000000100000000)
  eden space 23040K, 99% used [0x00000000eab00000,0x00000000ec17e5e8,0x00000000ec180000)
  from space 2048K, 99% used [0x00000000ec680000,0x00000000ec87dd00,0x00000000ec880000)
  to   space 3072K, 0% used [0x00000000ec280000,0x00000000ec280000,0x00000000ec580000)
 ParOldGen       total 68608K, used 14424K [0x00000000c0000000, 0x00000000c4300000, 0x00000000eab00000)
  object space 68608K, 21% used [0x00000000c0000000,0x00000000c0e163c8,0x00000000c4300000)
 Metaspace       used 31904K, committed 32960K, reserved 1114112K
  class space    used 3127K, committed 3584K, reserved 1048576K
}
Event: 39.402 GC heap after
{Heap after GC invocations=12 (full 1):
 PSYoungGen      total 24064K, used 1105K [0x00000000eab00000, 0x00000000ec700000, 0x0000000100000000)
  eden space 22528K, 0% used [0x00000000eab00000,0x00000000eab00000,0x00000000ec100000)
  from space 1536K, 71% used [0x00000000ec280000,0x00000000ec394448,0x00000000ec400000)
  to   space 2048K, 0% used [0x00000000ec500000,0x00000000ec500000,0x00000000ec700000)
 ParOldGen       total 68608K, used 16454K [0x00000000c0000000, 0x00000000c4300000, 0x00000000eab00000)
  object space 68608K, 23% used [0x00000000c0000000,0x00000000c10118b0,0x00000000c4300000)
 Metaspace       used 31904K, committed 32960K, reserved 1114112K
  class space    used 3127K, committed 3584K, reserved 1048576K
}
Event: 39.665 GC heap before
{Heap before GC invocations=13 (full 1):
 PSYoungGen      total 24064K, used 23633K [0x00000000eab00000, 0x00000000ec700000, 0x0000000100000000)
  eden space 22528K, 100% used [0x00000000eab00000,0x00000000ec100000,0x00000000ec100000)
  from space 1536K, 71% used [0x00000000ec280000,0x00000000ec394448,0x00000000ec400000)
  to   space 2048K, 0% used [0x00000000ec500000,0x00000000ec500000,0x00000000ec700000)
 ParOldGen       total 68608K, used 16454K [0x00000000c0000000, 0x00000000c4300000, 0x00000000eab00000)
  object space 68608K, 23% used [0x00000000c0000000,0x00000000c10118b0,0x00000000c4300000)
 Metaspace       used 34545K, committed 35648K, reserved 1114112K
  class space    used 3477K, committed 3968K, reserved 1048576K
}
Event: 39.668 GC heap after
{Heap after GC invocations=13 (full 1):
 PSYoungGen      total 23552K, used 1474K [0x00000000eab00000, 0x00000000ec680000, 0x0000000100000000)
  eden space 22016K, 0% used [0x00000000eab00000,0x00000000eab00000,0x00000000ec080000)
  from space 1536K, 95% used [0x00000000ec500000,0x00000000ec670908,0x00000000ec680000)
  to   space 2048K, 0% used [0x00000000ec280000,0x00000000ec280000,0x00000000ec480000)
 ParOldGen       total 68608K, used 17336K [0x00000000c0000000, 0x00000000c4300000, 0x00000000eab00000)
  object space 68608K, 25% used [0x00000000c0000000,0x00000000c10ee328,0x00000000c4300000)
 Metaspace       used 34545K, committed 35648K, reserved 1114112K
  class space    used 3477K, committed 3968K, reserved 1048576K
}
Event: 39.718 GC heap before
{Heap before GC invocations=14 (full 1):
 PSYoungGen      total 23552K, used 4243K [0x00000000eab00000, 0x00000000ec680000, 0x0000000100000000)
  eden space 22016K, 12% used [0x00000000eab00000,0x00000000eadb4698,0x00000000ec080000)
  from space 1536K, 95% used [0x00000000ec500000,0x00000000ec670908,0x00000000ec680000)
  to   space 2048K, 0% used [0x00000000ec280000,0x00000000ec280000,0x00000000ec480000)
 ParOldGen       total 68608K, used 17336K [0x00000000c0000000, 0x00000000c4300000, 0x00000000eab00000)
  object space 68608K, 25% used [0x00000000c0000000,0x00000000c10ee328,0x00000000c4300000)
 Metaspace       used 34677K, committed 35840K, reserved 1114112K
  class space    used 3492K, committed 3968K, reserved 1048576K
}
Event: 39.721 GC heap after
{Heap after GC invocations=14 (full 1):
 PSYoungGen      total 23040K, used 928K [0x00000000eab00000, 0x00000000ec580000, 0x0000000100000000)
  eden space 22016K, 0% used [0x00000000eab00000,0x00000000eab00000,0x00000000ec080000)
  from space 1024K, 90% used [0x00000000ec280000,0x00000000ec368000,0x00000000ec380000)
  to   space 1536K, 0% used [0x00000000ec400000,0x00000000ec400000,0x00000000ec580000)
 ParOldGen       total 68608K, used 18443K [0x00000000c0000000, 0x00000000c4300000, 0x00000000eab00000)
  object space 68608K, 26% used [0x00000000c0000000,0x00000000c1202d00,0x00000000c4300000)
 Metaspace       used 34677K, committed 35840K, reserved 1114112K
  class space    used 3492K, committed 3968K, reserved 1048576K
}
Event: 39.721 GC heap before
{Heap before GC invocations=15 (full 2):
 PSYoungGen      total 23040K, used 928K [0x00000000eab00000, 0x00000000ec580000, 0x0000000100000000)
  eden space 22016K, 0% used [0x00000000eab00000,0x00000000eab00000,0x00000000ec080000)
  from space 1024K, 90% used [0x00000000ec280000,0x00000000ec368000,0x00000000ec380000)
  to   space 1536K, 0% used [0x00000000ec400000,0x00000000ec400000,0x00000000ec580000)
 ParOldGen       total 68608K, used 18443K [0x00000000c0000000, 0x00000000c4300000, 0x00000000eab00000)
  object space 68608K, 26% used [0x00000000c0000000,0x00000000c1202d00,0x00000000c4300000)
 Metaspace       used 34677K, committed 35840K, reserved 1114112K
  class space    used 3492K, committed 3968K, reserved 1048576K
}
Event: 39.764 GC heap after
{Heap after GC invocations=15 (full 2):
 PSYoungGen      total 23040K, used 0K [0x00000000eab00000, 0x00000000ec580000, 0x0000000100000000)
  eden space 22016K, 0% used [0x00000000eab00000,0x00000000eab00000,0x00000000ec080000)
  from space 1024K, 0% used [0x00000000ec280000,0x00000000ec280000,0x00000000ec380000)
  to   space 1536K, 0% used [0x00000000ec400000,0x00000000ec400000,0x00000000ec580000)
 ParOldGen       total 68608K, used 17701K [0x00000000c0000000, 0x00000000c4300000, 0x00000000eab00000)
  object space 68608K, 25% used [0x00000000c0000000,0x00000000c11495e0,0x00000000c4300000)
 Metaspace       used 34661K, committed 35840K, reserved 1114112K
  class space    used 3488K, committed 3968K, reserved 1048576K
}
Event: 40.214 GC heap before
{Heap before GC invocations=16 (full 2):
 PSYoungGen      total 23040K, used 22016K [0x00000000eab00000, 0x00000000ec580000, 0x0000000100000000)
  eden space 22016K, 100% used [0x00000000eab00000,0x00000000ec080000,0x00000000ec080000)
  from space 1024K, 0% used [0x00000000ec280000,0x00000000ec280000,0x00000000ec380000)
  to   space 1536K, 0% used [0x00000000ec400000,0x00000000ec400000,0x00000000ec580000)
 ParOldGen       total 68608K, used 17701K [0x00000000c0000000, 0x00000000c4300000, 0x00000000eab00000)
  object space 68608K, 25% used [0x00000000c0000000,0x00000000c11495e0,0x00000000c4300000)
 Metaspace       used 36006K, committed 37120K, reserved 1114112K
  class space    used 3663K, committed 4160K, reserved 1048576K
}
Event: 40.215 GC heap after
{Heap after GC invocations=16 (full 2):
 PSYoungGen      total 23040K, used 736K [0x00000000eab00000, 0x00000000ec500000, 0x0000000100000000)
  eden space 22016K, 0% used [0x00000000eab00000,0x00000000eab00000,0x00000000ec080000)
  from space 1024K, 71% used [0x00000000ec400000,0x00000000ec4b8000,0x00000000ec500000)
  to   space 1024K, 0% used [0x00000000ec280000,0x00000000ec280000,0x00000000ec380000)
 ParOldGen       total 68608K, used 17709K [0x00000000c0000000, 0x00000000c4300000, 0x00000000eab00000)
  object space 68608K, 25% used [0x00000000c0000000,0x00000000c114b5e0,0x00000000c4300000)
 Metaspace       used 36006K, committed 37120K, reserved 1114112K
  class space    used 3663K, committed 4160K, reserved 1048576K
}
Event: 40.830 GC heap before
{Heap before GC invocations=17 (full 2):
 PSYoungGen      total 23040K, used 22752K [0x00000000eab00000, 0x00000000ec500000, 0x0000000100000000)
  eden space 22016K, 100% used [0x00000000eab00000,0x00000000ec080000,0x00000000ec080000)
  from space 1024K, 71% used [0x00000000ec400000,0x00000000ec4b8000,0x00000000ec500000)
  to   space 1024K, 0% used [0x00000000ec280000,0x00000000ec280000,0x00000000ec380000)
 ParOldGen       total 68608K, used 17709K [0x00000000c0000000, 0x00000000c4300000, 0x00000000eab00000)
  object space 68608K, 25% used [0x00000000c0000000,0x00000000c114b5e0,0x00000000c4300000)
 Metaspace       used 38546K, committed 39744K, reserved 1114112K
  class space    used 3988K, committed 4480K, reserved 1048576K
}
Event: 40.832 GC heap after
{Heap after GC invocations=17 (full 2):
 PSYoungGen      total 23040K, used 1024K [0x00000000eab00000, 0x00000000ec480000, 0x0000000100000000)
  eden space 22016K, 0% used [0x00000000eab00000,0x00000000eab00000,0x00000000ec080000)
  from space 1024K, 100% used [0x00000000ec280000,0x00000000ec380000,0x00000000ec380000)
  to   space 1024K, 0% used [0x00000000ec380000,0x00000000ec380000,0x00000000ec480000)
 ParOldGen       total 68608K, used 18181K [0x00000000c0000000, 0x00000000c4300000, 0x00000000eab00000)
  object space 68608K, 26% used [0x00000000c0000000,0x00000000c11c15e0,0x00000000c4300000)
 Metaspace       used 38546K, committed 39744K, reserved 1114112K
  class space    used 3988K, committed 4480K, reserved 1048576K
}

Dll operation events (10 events):
Event: 0.023 Loaded shared library c:\Users\PMLS\.cursor\extensions\redhat.java-1.40.0-win32-x64\jre\21.0.6-win32-x86_64\bin\java.dll
Event: 0.296 Loaded shared library c:\Users\PMLS\.cursor\extensions\redhat.java-1.40.0-win32-x64\jre\21.0.6-win32-x86_64\bin\zip.dll
Event: 0.367 Loaded shared library C:\Users\PMLS\.cursor\extensions\redhat.java-1.40.0-win32-x64\jre\21.0.6-win32-x86_64\bin\instrument.dll
Event: 0.388 Loaded shared library C:\Users\PMLS\.cursor\extensions\redhat.java-1.40.0-win32-x64\jre\21.0.6-win32-x86_64\bin\net.dll
Event: 0.397 Loaded shared library C:\Users\PMLS\.cursor\extensions\redhat.java-1.40.0-win32-x64\jre\21.0.6-win32-x86_64\bin\nio.dll
Event: 0.403 Loaded shared library C:\Users\PMLS\.cursor\extensions\redhat.java-1.40.0-win32-x64\jre\21.0.6-win32-x86_64\bin\zip.dll
Event: 0.474 Loaded shared library C:\Users\PMLS\.cursor\extensions\redhat.java-1.40.0-win32-x64\jre\21.0.6-win32-x86_64\bin\jimage.dll
Event: 0.642 Loaded shared library c:\Users\PMLS\.cursor\extensions\redhat.java-1.40.0-win32-x64\jre\21.0.6-win32-x86_64\bin\verify.dll
Event: 20.696 Loaded shared library C:\Users\PMLS\AppData\Roaming\Cursor\User\globalStorage\redhat.java\1.40.0\config_win\org.eclipse.equinox.launcher\org.eclipse.equinox.launcher.win32.win32.x86_64_1.2.1200.v20250212-0927\eclipse_11909.dll
Event: 37.039 Loaded shared library C:\Users\PMLS\AppData\Local\Temp\jna-76263555\jna1015876669043886276.dll

Deoptimization events (20 events):
Event: 39.470 Thread 0x000001ddf79a3f90 DEOPT PACKING pc=0x000001dd87c96b5c sp=0x0000006c633f8940
Event: 39.470 Thread 0x000001ddf79a3f90 DEOPT UNPACKING pc=0x000001dd87583aa2 sp=0x0000006c633f8868 mode 2
Event: 39.510 Thread 0x000001ddd4f71e40 Uncommon trap: trap_request=0xffffff45 fr.pc=0x000001dd87bbe220 relative=0x0000000000000540
Event: 39.510 Thread 0x000001ddd4f71e40 Uncommon trap: reason=unstable_if action=reinterpret pc=0x000001dd87bbe220 method=java.util.Properties$LineReader.readLine()I @ 318 c2
Event: 39.510 Thread 0x000001ddd4f71e40 DEOPT PACKING pc=0x000001dd87bbe220 sp=0x0000006c65afef50
Event: 39.510 Thread 0x000001ddd4f71e40 DEOPT UNPACKING pc=0x000001dd87583aa2 sp=0x0000006c65afeee8 mode 2
Event: 39.572 Thread 0x000001ddd4f73f10 Uncommon trap: trap_request=0xffffff45 fr.pc=0x000001dd87b93850 relative=0x0000000000000890
Event: 39.572 Thread 0x000001ddd4f73f10 Uncommon trap: reason=unstable_if action=reinterpret pc=0x000001dd87b93850 method=jdk.internal.org.objectweb.asm.SymbolTable.put(Ljdk/internal/org/objectweb/asm/SymbolTable$Entry;)Ljdk/internal/org/objectweb/asm/SymbolTable$Entry; @ 13 c2
Event: 39.573 Thread 0x000001ddd4f73f10 DEOPT PACKING pc=0x000001dd87b93850 sp=0x0000006c656fd7b0
Event: 39.573 Thread 0x000001ddd4f73f10 DEOPT UNPACKING pc=0x000001dd87583aa2 sp=0x0000006c656fd6c8 mode 2
Event: 39.682 Thread 0x000001ddd4f73f10 Uncommon trap: trap_request=0xffffff45 fr.pc=0x000001dd87c00f54 relative=0x0000000000000134
Event: 39.682 Thread 0x000001ddd4f73f10 Uncommon trap: reason=unstable_if action=reinterpret pc=0x000001dd87c00f54 method=java.util.ArrayList.indexOfRange(Ljava/lang/Object;II)I @ 7 c2
Event: 39.682 Thread 0x000001ddd4f73f10 DEOPT PACKING pc=0x000001dd87c00f54 sp=0x0000006c656fe430
Event: 39.682 Thread 0x000001ddd4f73f10 DEOPT UNPACKING pc=0x000001dd87583aa2 sp=0x0000006c656fe2f0 mode 2
Event: 39.708 Thread 0x000001ddd4f73f10 Uncommon trap: trap_request=0xffffff45 fr.pc=0x000001dd87bfb3b0 relative=0x0000000000000110
Event: 39.708 Thread 0x000001ddd4f73f10 Uncommon trap: reason=unstable_if action=reinterpret pc=0x000001dd87bfb3b0 method=java.util.ArrayList.indexOfRange(Ljava/lang/Object;II)I @ 7 c2
Event: 39.708 Thread 0x000001ddd4f73f10 DEOPT PACKING pc=0x000001dd87bfb3b0 sp=0x0000006c656fe380
Event: 39.708 Thread 0x000001ddd4f73f10 DEOPT UNPACKING pc=0x000001dd87583aa2 sp=0x0000006c656fe300 mode 2
Event: 39.992 Thread 0x000001ddd4f73f10 DEOPT PACKING pc=0x000001dd800135d3 sp=0x0000006c656fe1e0
Event: 39.992 Thread 0x000001ddd4f73f10 DEOPT UNPACKING pc=0x000001dd87584242 sp=0x0000006c656fd650 mode 0

Classes loaded (20 events):
Event: 40.257 Loading class sun/reflect/annotation/AnnotatedTypeFactory$AnnotatedParameterizedTypeImpl
Event: 40.258 Loading class java/lang/reflect/AnnotatedParameterizedType
Event: 40.258 Loading class java/lang/reflect/AnnotatedParameterizedType done
Event: 40.258 Loading class sun/reflect/annotation/AnnotatedTypeFactory$AnnotatedParameterizedTypeImpl done
Event: 40.646 Loading class java/util/concurrent/CompletionService
Event: 40.646 Loading class java/util/concurrent/CompletionService done
Event: 40.684 Loading class java/lang/reflect/Executable$ParameterData
Event: 40.685 Loading class java/lang/reflect/Executable$ParameterData done
Event: 40.685 Loading class sun/reflect/generics/scope/ConstructorScope
Event: 40.685 Loading class sun/reflect/generics/scope/ConstructorScope done
Event: 40.685 Loading class sun/reflect/generics/repository/ConstructorRepository
Event: 40.686 Loading class sun/reflect/generics/repository/ConstructorRepository done
Event: 40.686 Loading class sun/reflect/generics/tree/VoidDescriptor
Event: 40.687 Loading class sun/reflect/generics/tree/VoidDescriptor done
Event: 40.687 Loading class sun/reflect/generics/tree/MethodTypeSignature
Event: 40.689 Loading class sun/reflect/generics/tree/MethodTypeSignature done
Event: 40.754 Loading class java/nio/channels/ServerSocketChannel
Event: 40.754 Loading class java/nio/channels/ServerSocketChannel done
Event: 40.815 Loading class sun/reflect/generics/repository/FieldRepository
Event: 40.815 Loading class sun/reflect/generics/repository/FieldRepository done

Classes unloaded (16 events):
Event: 37.847 Thread 0x000001ddf7a5eb20 Unloading class 0x000001dd90198c00 'java/lang/invoke/LambdaForm$MH+0x000001dd90198c00'
Event: 37.847 Thread 0x000001ddf7a5eb20 Unloading class 0x000001dd90198800 'java/lang/invoke/LambdaForm$MH+0x000001dd90198800'
Event: 37.847 Thread 0x000001ddf7a5eb20 Unloading class 0x000001dd90198400 'java/lang/invoke/LambdaForm$MH+0x000001dd90198400'
Event: 37.847 Thread 0x000001ddf7a5eb20 Unloading class 0x000001dd90198000 'java/lang/invoke/LambdaForm$MH+0x000001dd90198000'
Event: 37.847 Thread 0x000001ddf7a5eb20 Unloading class 0x000001dd90197c00 'java/lang/invoke/LambdaForm$BMH+0x000001dd90197c00'
Event: 37.847 Thread 0x000001ddf7a5eb20 Unloading class 0x000001dd90197800 'java/lang/invoke/LambdaForm$DMH+0x000001dd90197800'
Event: 37.847 Thread 0x000001ddf7a5eb20 Unloading class 0x000001dd90196400 'java/lang/invoke/LambdaForm$DMH+0x000001dd90196400'
Event: 39.730 Thread 0x000001ddf7a5eb20 Unloading class 0x000001dd902e8c00 'java/lang/invoke/LambdaForm$MH+0x000001dd902e8c00'
Event: 39.730 Thread 0x000001ddf7a5eb20 Unloading class 0x000001dd902e8000 'java/lang/invoke/LambdaForm$MH+0x000001dd902e8000'
Event: 39.730 Thread 0x000001ddf7a5eb20 Unloading class 0x000001dd902e5800 'java/lang/invoke/LambdaForm$MH+0x000001dd902e5800'
Event: 39.730 Thread 0x000001ddf7a5eb20 Unloading class 0x000001dd902e5000 'java/lang/invoke/LambdaForm$MH+0x000001dd902e5000'
Event: 39.730 Thread 0x000001ddf7a5eb20 Unloading class 0x000001dd902e4c00 'java/lang/invoke/LambdaForm$DMH+0x000001dd902e4c00'
Event: 39.730 Thread 0x000001ddf7a5eb20 Unloading class 0x000001dd902e4000 'java/lang/invoke/LambdaForm$MH+0x000001dd902e4000'
Event: 39.730 Thread 0x000001ddf7a5eb20 Unloading class 0x000001dd902e0800 'java/lang/invoke/LambdaForm$MH+0x000001dd902e0800'
Event: 39.730 Thread 0x000001ddf7a5eb20 Unloading class 0x000001dd902e0000 'java/lang/invoke/LambdaForm$MH+0x000001dd902e0000'
Event: 39.730 Thread 0x000001ddf7a5eb20 Unloading class 0x000001dd902db800 'java/lang/invoke/LambdaForm$MH+0x000001dd902db800'

Classes redefined (0 events):
No events

Internal exceptions (20 events):
Event: 38.858 Thread 0x000001ddff1fabb0 Implicit null exception at 0x000001dd87bd193d to 0x000001dd87bd19b2
Event: 38.861 Thread 0x000001ddff1fabb0 Exception <a 'java/lang/NoSuchMethodError'{0x00000000ebfa31c8}: 'int java.lang.invoke.DirectMethodHandle$Holder.invokeSpecial(java.lang.Object, java.lang.Object, java.lang.Object, java.lang.Object)'> (0x00000000ebfa31c8) 
thrown [s\src\hotspot\share\interpreter\linkResolver.cpp, line 773]
Event: 38.863 Thread 0x000001ddff1fabb0 Exception <a 'java/lang/NoSuchMethodError'{0x00000000ebfb0fd8}: 'java.lang.Object java.lang.invoke.DirectMethodHandle$Holder.invokeStatic(java.lang.Object, int, java.lang.Object, java.lang.Object)'> (0x00000000ebfb0fd8) 
thrown [s\src\hotspot\share\interpreter\linkResolver.cpp, line 773]
Event: 38.864 Thread 0x000001ddff1fabb0 Exception <a 'java/lang/NoSuchMethodError'{0x00000000ec034830}: 'java.lang.Object java.lang.invoke.DelegatingMethodHandle$Holder.delegate(java.lang.Object, int, java.lang.Object, java.lang.Object)'> (0x00000000ec034830) 
thrown [s\src\hotspot\share\interpreter\linkResolver.cpp, line 773]
Event: 38.868 Thread 0x000001ddff1fabb0 Exception <a 'java/lang/NoSuchMethodError'{0x00000000ec059c88}: 'int java.lang.invoke.Invokers$Holder.linkToTargetMethod(java.lang.Object, java.lang.Object, java.lang.Object)'> (0x00000000ec059c88) 
thrown [s\src\hotspot\share\interpreter\linkResolver.cpp, line 773]
Event: 38.932 Thread 0x000001ddd4f73f10 Exception <a 'java/lang/NoSuchMethodError'{0x00000000eac47d40}: 'java.lang.Object java.lang.invoke.DirectMethodHandle$Holder.invokeSpecialIFC(java.lang.Object, java.lang.Object, java.lang.Object, java.lang.Object)'> (0x00000000eac47d40) 
thrown [s\src\hotspot\share\interpreter\linkResolver.cpp, line 773]
Event: 38.975 Thread 0x000001ddfef6d4e0 Exception <a 'java/lang/ClassNotFoundException'{0x00000000eae0c510}: com/sun/org/apache/xml/internal/serializer/spi/XMLEntitiesProvider> (0x00000000eae0c510) 
thrown [s\src\hotspot\share\classfile\systemDictionary.cpp, line 312]
Event: 39.169 Thread 0x000001ddfef6d4e0 Exception <a 'java/io/FileNotFoundException'{0x00000000eb820120}> (0x00000000eb820120) 
thrown [s\src\hotspot\share\prims\jni.cpp, line 520]
Event: 39.205 Thread 0x000001ddfef6d4e0 Exception <a 'java/lang/UnsatisfiedLinkError'{0x00000000ebaa8d48}: The specified procedure could not be found.
> (0x00000000ebaa8d48) 
thrown [s\src\hotspot\share\prims\jni.cpp, line 539]
Event: 39.218 Thread 0x000001ddfef6d4e0 Exception <a 'java/io/FileNotFoundException'{0x00000000ebac0660}> (0x00000000ebac0660) 
thrown [s\src\hotspot\share\prims\jni.cpp, line 520]
Event: 39.238 Thread 0x000001ddd4f73f10 Exception <a 'java/lang/NoSuchMethodError'{0x00000000ebc4fb58}: 'int java.lang.invoke.DirectMethodHandle$Holder.invokeStatic(java.lang.Object, java.lang.Object, java.lang.Object, java.lang.Object, java.lang.Object)'> (0x00000000ebc4fb58) 
thrown [s\src\hotspot\share\interpreter\linkResolver.cpp, line 773]
Event: 39.238 Thread 0x000001ddfef6d4e0 Exception <a 'java/io/FileNotFoundException'{0x00000000ebbdcbf0}> (0x00000000ebbdcbf0) 
thrown [s\src\hotspot\share\prims\jni.cpp, line 520]
Event: 39.249 Thread 0x000001ddfef6d4e0 Exception <a 'java/lang/UnsatisfiedLinkError'{0x00000000ebc92028}: The specified procedure could not be found.
> (0x00000000ebc92028) 
thrown [s\src\hotspot\share\prims\jni.cpp, line 539]
Event: 39.450 Thread 0x000001ddff1fa520 Exception <a 'java/lang/NoSuchMethodError'{0x00000000eaedecc0}: 'void java.lang.invoke.DirectMethodHandle$Holder.invokeStaticInit(java.lang.Object, java.lang.Object, java.lang.Object, java.lang.Object)'> (0x00000000eaedecc0) 
thrown [s\src\hotspot\share\interpreter\linkResolver.cpp, line 773]
Event: 39.537 Thread 0x000001ddf79a3f90 Exception <a 'java/lang/NoSuchMethodError'{0x00000000eb6d8730}: 'java.lang.Object java.lang.invoke.DirectMethodHandle$Holder.invokeStatic(java.lang.Object, long, java.lang.Object)'> (0x00000000eb6d8730) 
thrown [s\src\hotspot\share\interpreter\linkResolver.cpp, line 773]
Event: 39.539 Thread 0x000001ddf79a3f90 Exception <a 'java/lang/NoSuchMethodError'{0x00000000eb6dbd98}: 'java.lang.Object java.lang.invoke.DirectMethodHandle$Holder.invokeStaticInit(java.lang.Object, long, java.lang.Object)'> (0x00000000eb6dbd98) 
thrown [s\src\hotspot\share\interpreter\linkResolver.cpp, line 773]
Event: 39.540 Thread 0x000001ddf79a3f90 Exception <a 'java/lang/NoSuchMethodError'{0x00000000eb7140e0}: 'java.lang.Object java.lang.invoke.DirectMethodHandle$Holder.newInvokeSpecial(java.lang.Object, long)'> (0x00000000eb7140e0) 
thrown [s\src\hotspot\share\interpreter\linkResolver.cpp, line 773]
Event: 39.557 Thread 0x000001ddf79a3f90 Exception <a 'sun/nio/fs/WindowsException'{0x00000000eb82f060}> (0x00000000eb82f060) 
thrown [s\src\hotspot\share\prims\jni.cpp, line 520]
Event: 39.575 Thread 0x000001ddd4f76670 Exception <a 'java/io/FileNotFoundException'{0x00000000eb942c38}> (0x00000000eb942c38) 
thrown [s\src\hotspot\share\prims\jni.cpp, line 520]
Event: 39.630 Thread 0x000001ddd4f73f10 Exception <a 'java/lang/NoClassDefFoundError'{0x00000000ebe836e0}: javax/enterprise/inject/Typed> (0x00000000ebe836e0) 
thrown [s\src\hotspot\share\classfile\systemDictionary.cpp, line 301]

ZGC Phase Switch (0 events):
No events

VM Operations (20 events):
Event: 38.971 Executing VM operation: HandshakeAllThreads (Deoptimize)
Event: 38.972 Executing VM operation: HandshakeAllThreads (Deoptimize) done
Event: 39.040 Executing VM operation: HandshakeAllThreads (Deoptimize)
Event: 39.040 Executing VM operation: HandshakeAllThreads (Deoptimize) done
Event: 39.397 Executing VM operation: ParallelGCFailedAllocation (Allocation Failure)
Event: 39.402 Executing VM operation: ParallelGCFailedAllocation (Allocation Failure) done
Event: 39.610 Executing VM operation: HandshakeAllThreads (Deoptimize)
Event: 39.610 Executing VM operation: HandshakeAllThreads (Deoptimize) done
Event: 39.664 Executing VM operation: ParallelGCFailedAllocation (Allocation Failure)
Event: 39.668 Executing VM operation: ParallelGCFailedAllocation (Allocation Failure) done
Event: 39.718 Executing VM operation: CollectForMetadataAllocation (Metadata GC Threshold)
Event: 39.764 Executing VM operation: CollectForMetadataAllocation (Metadata GC Threshold) done
Event: 40.214 Executing VM operation: ParallelGCFailedAllocation (Allocation Failure)
Event: 40.215 Executing VM operation: ParallelGCFailedAllocation (Allocation Failure) done
Event: 40.327 Executing VM operation: HandshakeAllThreads (Deoptimize)
Event: 40.327 Executing VM operation: HandshakeAllThreads (Deoptimize) done
Event: 40.666 Executing VM operation: HandshakeAllThreads (Deoptimize)
Event: 40.666 Executing VM operation: HandshakeAllThreads (Deoptimize) done
Event: 40.830 Executing VM operation: ParallelGCFailedAllocation (Allocation Failure)
Event: 40.832 Executing VM operation: ParallelGCFailedAllocation (Allocation Failure) done

Memory protections (0 events):
No events

Nmethod flushes (20 events):
Event: 39.741 Thread 0x000001ddf7a5eb20 flushing  nmethod 0x000001dd806ccf90
Event: 39.741 Thread 0x000001ddf7a5eb20 flushing  nmethod 0x000001dd806cf310
Event: 39.741 Thread 0x000001ddf7a5eb20 flushing  nmethod 0x000001dd806cfa90
Event: 39.741 Thread 0x000001ddf7a5eb20 flushing  nmethod 0x000001dd806d1010
Event: 39.741 Thread 0x000001ddf7a5eb20 flushing  nmethod 0x000001dd806d1b90
Event: 39.741 Thread 0x000001ddf7a5eb20 flushing  nmethod 0x000001dd806d2490
Event: 39.741 Thread 0x000001ddf7a5eb20 flushing  nmethod 0x000001dd806d3190
Event: 39.741 Thread 0x000001ddf7a5eb20 flushing  nmethod 0x000001dd806d3590
Event: 39.741 Thread 0x000001ddf7a5eb20 flushing  nmethod 0x000001dd806d4090
Event: 39.741 Thread 0x000001ddf7a5eb20 flushing  nmethod 0x000001dd806d4d90
Event: 39.741 Thread 0x000001ddf7a5eb20 flushing  nmethod 0x000001dd806d5f10
Event: 39.741 Thread 0x000001ddf7a5eb20 flushing  nmethod 0x000001dd806e2310
Event: 39.741 Thread 0x000001ddf7a5eb20 flushing  nmethod 0x000001dd80702e10
Event: 39.741 Thread 0x000001ddf7a5eb20 flushing  nmethod 0x000001dd80705510
Event: 39.741 Thread 0x000001ddf7a5eb20 flushing  nmethod 0x000001dd80710c90
Event: 39.741 Thread 0x000001ddf7a5eb20 flushing  nmethod 0x000001dd8071a910
Event: 39.741 Thread 0x000001ddf7a5eb20 flushing  nmethod 0x000001dd80723010
Event: 39.741 Thread 0x000001ddf7a5eb20 flushing  nmethod 0x000001dd80752b90
Event: 39.741 Thread 0x000001ddf7a5eb20 flushing  nmethod 0x000001dd8078b990
Event: 39.741 Thread 0x000001ddf7a5eb20 flushing  nmethod 0x000001dd807bd410

Events (20 events):
Event: 33.070 Thread 0x000001ddd4220430 Thread exited: 0x000001ddd4220430
Event: 33.071 Thread 0x000001ddd421f010 Thread exited: 0x000001ddd421f010
Event: 35.055 Thread 0x000001ddfef6d4e0 Thread added: 0x000001ddff1df800
Event: 35.217 Thread 0x000001ddfef6d4e0 Thread added: 0x000001ddff1f9e90
Event: 35.515 Thread 0x000001ddfeda7a70 Thread added: 0x000001ddd400d9e0
Event: 35.788 Thread 0x000001ddfef6d4e0 Thread added: 0x000001ddff1f8ae0
Event: 36.075 Thread 0x000001ddd400d9e0 Thread exited: 0x000001ddd400d9e0
Event: 36.078 Thread 0x000001ddfeda7a70 Thread added: 0x000001ddd400d980
Event: 37.044 Thread 0x000001ddd400d980 Thread exited: 0x000001ddd400d980
Event: 37.067 Thread 0x000001ddfef6d4e0 Thread added: 0x000001ddff1f9800
Event: 37.129 Thread 0x000001ddfef6d4e0 Thread added: 0x000001ddff1fa520
Event: 37.150 Thread 0x000001ddfef6d4e0 Thread added: 0x000001ddff1fabb0
Event: 37.327 Thread 0x000001ddfeda7a70 Thread added: 0x000001ddd47287e0
Event: 38.745 Thread 0x000001ddfef6d4e0 Thread added: 0x000001ddff1fb8d0
Event: 38.798 Thread 0x000001ddff1fabb0 Thread added: 0x000001ddd4f73f10
Event: 39.022 Thread 0x000001ddff1fa520 Thread added: 0x000001ddd4f76670
Event: 39.390 Thread 0x000001ddff1fa520 Thread added: 0x000001ddd4f71e40
Event: 39.478 Thread 0x000001ddd4f71e40 Thread added: 0x000001ddd4f77390
Event: 39.595 Thread 0x000001ddf79a3f90 Thread added: 0x000001ddd4f724d0
Event: 39.615 Thread 0x000001ddf79a3f90 Thread added: 0x000001ddd4f72b60


Dynamic libraries:
0x00007ff78ccf0000 - 0x00007ff78ccfe000 	c:\Users\PMLS\.cursor\extensions\redhat.java-1.40.0-win32-x64\jre\21.0.6-win32-x86_64\bin\java.exe
0x00007ffd21a70000 - 0x00007ffd21c87000 	C:\WINDOWS\SYSTEM32\ntdll.dll
0x00007ffd1fb30000 - 0x00007ffd1fbf4000 	C:\WINDOWS\System32\KERNEL32.DLL
0x00007ffd1f360000 - 0x00007ffd1f731000 	C:\WINDOWS\System32\KERNELBASE.dll
0x00007ffd1f000000 - 0x00007ffd1f111000 	C:\WINDOWS\System32\ucrtbase.dll
0x00007ffcf52f0000 - 0x00007ffcf5308000 	c:\Users\PMLS\.cursor\extensions\redhat.java-1.40.0-win32-x64\jre\21.0.6-win32-x86_64\bin\jli.dll
0x00007ffcf5930000 - 0x00007ffcf594e000 	c:\Users\PMLS\.cursor\extensions\redhat.java-1.40.0-win32-x64\jre\21.0.6-win32-x86_64\bin\VCRUNTIME140.dll
0x00007ffd201a0000 - 0x00007ffd20351000 	C:\WINDOWS\System32\USER32.dll
0x00007ffd0b9e0000 - 0x00007ffd0bc72000 	C:\WINDOWS\WinSxS\amd64_microsoft.windows.common-controls_6595b64144ccf1df_6.0.22621.4830_none_270fe7d773858e80\COMCTL32.dll
0x00007ffd20460000 - 0x00007ffd20507000 	C:\WINDOWS\System32\msvcrt.dll
0x00007ffd1ec60000 - 0x00007ffd1ec86000 	C:\WINDOWS\System32\win32u.dll
0x00007ffd20890000 - 0x00007ffd208b9000 	C:\WINDOWS\System32\GDI32.dll
0x00007ffd1f1c0000 - 0x00007ffd1f2db000 	C:\WINDOWS\System32\gdi32full.dll
0x00007ffd1f120000 - 0x00007ffd1f1ba000 	C:\WINDOWS\System32\msvcp_win.dll
0x00007ffd20690000 - 0x00007ffd206c1000 	C:\WINDOWS\System32\IMM32.DLL
0x00007ffd0d0e0000 - 0x00007ffd0d0ec000 	c:\Users\PMLS\.cursor\extensions\redhat.java-1.40.0-win32-x64\jre\21.0.6-win32-x86_64\bin\vcruntime140_1.dll
0x00007ffcd4310000 - 0x00007ffcd439d000 	c:\Users\PMLS\.cursor\extensions\redhat.java-1.40.0-win32-x64\jre\21.0.6-win32-x86_64\bin\msvcp140.dll
0x00007ffc9aac0000 - 0x00007ffc9b850000 	c:\Users\PMLS\.cursor\extensions\redhat.java-1.40.0-win32-x64\jre\21.0.6-win32-x86_64\bin\server\jvm.dll
0x00007ffd205d0000 - 0x00007ffd20681000 	C:\WINDOWS\System32\ADVAPI32.dll
0x00007ffd20510000 - 0x00007ffd205b7000 	C:\WINDOWS\System32\sechost.dll
0x00007ffd1ec30000 - 0x00007ffd1ec58000 	C:\WINDOWS\System32\bcrypt.dll
0x00007ffd1f9b0000 - 0x00007ffd1fac4000 	C:\WINDOWS\System32\RPCRT4.dll
0x00007ffd21500000 - 0x00007ffd21571000 	C:\WINDOWS\System32\WS2_32.dll
0x00007ffd15c10000 - 0x00007ffd15c44000 	C:\WINDOWS\SYSTEM32\WINMM.dll
0x00007ffd04710000 - 0x00007ffd0471a000 	C:\WINDOWS\SYSTEM32\VERSION.dll
0x00007ffd1e9d0000 - 0x00007ffd1ea1d000 	C:\WINDOWS\SYSTEM32\POWRPROF.dll
0x00007ffd1e9b0000 - 0x00007ffd1e9c3000 	C:\WINDOWS\SYSTEM32\UMPDC.dll
0x00007ffd1dbc0000 - 0x00007ffd1dbd8000 	C:\WINDOWS\SYSTEM32\kernel.appcore.dll
0x00007ffd0cf30000 - 0x00007ffd0cf3a000 	c:\Users\PMLS\.cursor\extensions\redhat.java-1.40.0-win32-x64\jre\21.0.6-win32-x86_64\bin\jimage.dll
0x00007ffd1c100000 - 0x00007ffd1c332000 	C:\WINDOWS\SYSTEM32\DBGHELP.DLL
0x00007ffd208e0000 - 0x00007ffd20c70000 	C:\WINDOWS\System32\combase.dll
0x00007ffd20360000 - 0x00007ffd20437000 	C:\WINDOWS\System32\OLEAUT32.dll
0x00007ffcf41a0000 - 0x00007ffcf41d2000 	C:\WINDOWS\SYSTEM32\dbgcore.DLL
0x00007ffd1ebb0000 - 0x00007ffd1ec2b000 	C:\WINDOWS\System32\bcryptPrimitives.dll
0x00007ffd0d1b0000 - 0x00007ffd0d1bf000 	c:\Users\PMLS\.cursor\extensions\redhat.java-1.40.0-win32-x64\jre\21.0.6-win32-x86_64\bin\instrument.dll
0x00007ffcf4a60000 - 0x00007ffcf4a7f000 	c:\Users\PMLS\.cursor\extensions\redhat.java-1.40.0-win32-x64\jre\21.0.6-win32-x86_64\bin\java.dll
0x00007ffd20c70000 - 0x00007ffd214f8000 	C:\WINDOWS\System32\SHELL32.dll
0x00007ffd1ec90000 - 0x00007ffd1edcf000 	C:\WINDOWS\System32\wintypes.dll
0x00007ffd1cac0000 - 0x00007ffd1d3cd000 	C:\WINDOWS\SYSTEM32\windows.storage.dll
0x00007ffd1f740000 - 0x00007ffd1f84a000 	C:\WINDOWS\System32\SHCORE.dll
0x00007ffd218e0000 - 0x00007ffd2193e000 	C:\WINDOWS\System32\shlwapi.dll
0x00007ffd1eae0000 - 0x00007ffd1eb0b000 	C:\WINDOWS\SYSTEM32\profapi.dll
0x00007ffcf4750000 - 0x00007ffcf4768000 	c:\Users\PMLS\.cursor\extensions\redhat.java-1.40.0-win32-x64\jre\21.0.6-win32-x86_64\bin\zip.dll
0x00007ffd0ce00000 - 0x00007ffd0ce10000 	C:\Users\PMLS\.cursor\extensions\redhat.java-1.40.0-win32-x64\jre\21.0.6-win32-x86_64\bin\net.dll
0x00007ffd1b330000 - 0x00007ffd1b45c000 	C:\WINDOWS\SYSTEM32\WINHTTP.dll
0x00007ffd1e020000 - 0x00007ffd1e08a000 	C:\WINDOWS\system32\mswsock.dll
0x00007ffcf3660000 - 0x00007ffcf3676000 	C:\Users\PMLS\.cursor\extensions\redhat.java-1.40.0-win32-x64\jre\21.0.6-win32-x86_64\bin\nio.dll
0x00007ffd0d160000 - 0x00007ffd0d170000 	c:\Users\PMLS\.cursor\extensions\redhat.java-1.40.0-win32-x64\jre\21.0.6-win32-x86_64\bin\verify.dll
0x00007ffcf2520000 - 0x00007ffcf2565000 	C:\Users\PMLS\AppData\Roaming\Cursor\User\globalStorage\redhat.java\1.40.0\config_win\org.eclipse.equinox.launcher\org.eclipse.equinox.launcher.win32.win32.x86_64_1.2.1200.v20250212-0927\eclipse_11909.dll
0x00007ffd21730000 - 0x00007ffd218d1000 	C:\WINDOWS\System32\ole32.dll
0x00007ffd1e370000 - 0x00007ffd1e38b000 	C:\WINDOWS\SYSTEM32\CRYPTSP.dll
0x00007ffd1db20000 - 0x00007ffd1db57000 	C:\WINDOWS\system32\rsaenh.dll
0x00007ffd1e0c0000 - 0x00007ffd1e0e8000 	C:\WINDOWS\SYSTEM32\USERENV.dll
0x00007ffd1e350000 - 0x00007ffd1e35c000 	C:\WINDOWS\SYSTEM32\CRYPTBASE.dll
0x00007ffd1d630000 - 0x00007ffd1d65d000 	C:\WINDOWS\SYSTEM32\IPHLPAPI.DLL
0x00007ffd205c0000 - 0x00007ffd205c9000 	C:\WINDOWS\System32\NSI.dll
0x00007ffcfe230000 - 0x00007ffcfe279000 	C:\Users\PMLS\AppData\Local\Temp\jna-76263555\jna1015876669043886276.dll
0x00007ffd20130000 - 0x00007ffd20138000 	C:\WINDOWS\System32\PSAPI.DLL
0x00007ffd18d90000 - 0x00007ffd18da9000 	C:\WINDOWS\SYSTEM32\dhcpcsvc6.DLL
0x00007ffd18980000 - 0x00007ffd1899f000 	C:\WINDOWS\SYSTEM32\dhcpcsvc.DLL

dbghelp: loaded successfully - version: 4.0.5 - missing functions: none
symbol engine: initialized successfully - sym options: 0x614 - pdb path: .;c:\Users\PMLS\.cursor\extensions\redhat.java-1.40.0-win32-x64\jre\21.0.6-win32-x86_64\bin;C:\WINDOWS\SYSTEM32;C:\WINDOWS\WinSxS\amd64_microsoft.windows.common-controls_6595b64144ccf1df_6.0.22621.4830_none_270fe7d773858e80;c:\Users\PMLS\.cursor\extensions\redhat.java-1.40.0-win32-x64\jre\21.0.6-win32-x86_64\bin\server;C:\Users\PMLS\AppData\Roaming\Cursor\User\globalStorage\redhat.java\1.40.0\config_win\org.eclipse.equinox.launcher\org.eclipse.equinox.launcher.win32.win32.x86_64_1.2.1200.v20250212-0927;C:\Users\PMLS\AppData\Local\Temp\jna-76263555

VM Arguments:
jvm_args: --add-modules=ALL-SYSTEM --add-opens=java.base/java.util=ALL-UNNAMED --add-opens=java.base/java.lang=ALL-UNNAMED --add-opens=java.base/sun.nio.fs=ALL-UNNAMED -Declipse.application=org.eclipse.jdt.ls.core.id1 -Dosgi.bundles.defaultStartLevel=4 -Declipse.product=org.eclipse.jdt.ls.core.product -Djava.import.generatesMetadataFilesAtProjectRoot=false -DDetectVMInstallationsJob.disabled=true -Dfile.encoding=utf8 -XX:+UseParallelGC -XX:GCTimeRatio=4 -XX:AdaptiveSizePolicyWeight=90 -Dsun.zip.disableMemoryMapping=true -Xmx1G -Xms100m -Xlog:disable -javaagent:c:\Users\PMLS\.cursor\extensions\redhat.java-1.40.0-win32-x64\lombok\lombok-1.18.36.jar -XX:+HeapDumpOnOutOfMemoryError -XX:HeapDumpPath=c:\Users\PMLS\AppData\Roaming\Cursor\User\workspaceStorage\378ecf23b01c2f05c6648fc96fc238f3\redhat.java -Daether.dependencyCollector.impl=bf 
java_command: c:\Users\PMLS\.cursor\extensions\redhat.java-1.40.0-win32-x64\server\plugins\org.eclipse.equinox.launcher_1.6.1000.v20250131-0606.jar -configuration c:\Users\PMLS\AppData\Roaming\Cursor\User\globalStorage\redhat.java\1.40.0\config_win -data c:\Users\PMLS\AppData\Roaming\Cursor\User\workspaceStorage\378ecf23b01c2f05c6648fc96fc238f3\redhat.java\jdt_ws --pipe=\\.\pipe\lsp-84b05f8b411271e9d0c6a34ec5693e2e-sock
java_class_path (initial): c:\Users\PMLS\.cursor\extensions\redhat.java-1.40.0-win32-x64\server\plugins\org.eclipse.equinox.launcher_1.6.1000.v20250131-0606.jar
Launcher Type: SUN_STANDARD

[Global flags]
    uintx AdaptiveSizePolicyWeight                 = 90                                        {product} {command line}
     intx CICompilerCount                          = 4                                         {product} {ergonomic}
    uintx GCTimeRatio                              = 4                                         {product} {command line}
     bool HeapDumpOnOutOfMemoryError               = true                                   {manageable} {command line}
    ccstr HeapDumpPath                             = c:\Users\PMLS\AppData\Roaming\Cursor\User\workspaceStorage\378ecf23b01c2f05c6648fc96fc238f3\redhat.java         {manageable} {command line}
   size_t InitialHeapSize                          = 104857600                                 {product} {command line}
   size_t MaxHeapSize                              = 1073741824                                {product} {command line}
   size_t MaxNewSize                               = 357564416                                 {product} {ergonomic}
   size_t MinHeapDeltaBytes                        = 524288                                    {product} {ergonomic}
   size_t MinHeapSize                              = 104857600                                 {product} {command line}
   size_t NewSize                                  = 34603008                                  {product} {ergonomic}
    uintx NonNMethodCodeHeapSize                   = 5839372                                {pd product} {ergonomic}
    uintx NonProfiledCodeHeapSize                  = 122909434                              {pd product} {ergonomic}
   size_t OldSize                                  = 70254592                                  {product} {ergonomic}
    uintx ProfiledCodeHeapSize                     = 122909434                              {pd product} {ergonomic}
    uintx ReservedCodeCacheSize                    = 251658240                              {pd product} {ergonomic}
     bool SegmentedCodeCache                       = true                                      {product} {ergonomic}
   size_t SoftMaxHeapSize                          = 1073741824                             {manageable} {ergonomic}
     bool UseCompressedOops                        = true                           {product lp64_product} {ergonomic}
     bool UseLargePagesIndividualAllocation        = false                                  {pd product} {ergonomic}
     bool UseParallelGC                            = true                                      {product} {command line}

Logging:
Log output configuration:
 #0: stdout all=off uptime,level,tags foldmultilines=false
 #1: stderr all=off uptime,level,tags foldmultilines=false

Environment Variables:
JAVA_HOME=C:\Program Files\Java\jdk-17
PATH=C:\Program Files\Common Files\Oracle\Java\javapath;C:\Program Files\Python312\Scripts\;C:\Program Files\Python312\;C:\WINDOWS\system32;C:\WINDOWS;C:\WINDOWS\System32\Wbem;C:\WINDOWS\System32\WindowsPowerShell\v1.0\;C:\WINDOWS\System32\OpenSSH\;C:\Program Files\Git\cmd;C:\src\flutter\bin;C:\Program Files\dotnet\;C:\Program Files (x86)\Windows Kits\10\Windows Performance Toolkit\;C:\Users\PMLS\Downloads\platform-tools_r34.0.5-windows;C:\Program Files\Git\bin;C:\cmdline-tools\bin;C:\Program Files\CMake\bin;C:\Program Files\Java\jdk-17\bin;C:\Program Files\Common Files\Oracle\Java\javapath;C:\Program Files\Python312\Scripts\;C:\Program Files\Python312\;C:\WINDOWS\system32;C:\WINDOWS;C:\WINDOWS\System32\Wbem;C:\WINDOWS\System32\WindowsPowerShell\v1.0\;C:\WINDOWS\System32\OpenSSH\;C:\Program Files\Git\cmd;C:\src\flutter\bin;C:\Program Files\dotnet\;C:\Program Files (x86)\Windows Kits\10\Windows Performance Toolkit\;C:\Users\PMLS\Downloads\platform-tools_r34.0.5-windows;C:\Program Files\Git\bin;C:\cmdline-tools\bin;C:\Program Files\CMake\bin;C:\Program Files\Java\jdk-17\bin;C:\Users\PMLS\AppData\Local\Programs\Python\Launcher\;C:\Users\PMLS\AppData\Local\Microsoft\WindowsApps;C:\Users\PMLS\.dotnet\tools;C:\Users\PMLS\AppData\Local\Programs\Microsoft VS Code\bin;C:\Program Files\swipl\bin;C:\apktool;C:\Users\PMLS\AppData\Local\Programs\cursor\resources\app\bin
USERNAME=PMYLS
OS=Windows_NT
PROCESSOR_IDENTIFIER=Intel64 Family 6 Model 154 Stepping 4, GenuineIntel
TMP=C:\Users\PMLS\AppData\Local\Temp
TEMP=C:\Users\PMLS\AppData\Local\Temp




Periodic native trim disabled

---------------  S Y S T E M  ---------------

OS:
 Windows 11 , 64 bit Build 22621 (10.0.22621.4974)
OS uptime: 5 days 4:31 hours
Hyper-V role detected

CPU: total 12 (initial active 12) (6 cores per cpu, 2 threads per core) family 6 model 154 stepping 4 microcode 0x424, cx8, cmov, fxsr, ht, mmx, 3dnowpref, sse, sse2, sse3, ssse3, sse4.1, sse4.2, popcnt, lzcnt, tsc, tscinvbit, avx, avx2, aes, erms, clmul, bmi1, bmi2, adx, sha, fma, vzeroupper, clflush, clflushopt, clwb, hv, serialize, rdtscp, rdpid, fsrm, f16c, cet_ibt, cet_ss
Processor Information for processor 0
  Max Mhz: 1300, Current Mhz: 1300, Mhz Limit: 1300
Processor Information for processor 1
  Max Mhz: 1300, Current Mhz: 1300, Mhz Limit: 1300
Processor Information for processor 2
  Max Mhz: 1300, Current Mhz: 1300, Mhz Limit: 1300
Processor Information for processor 3
  Max Mhz: 1300, Current Mhz: 1300, Mhz Limit: 1300
Processor Information for processor 4
  Max Mhz: 900, Current Mhz: 900, Mhz Limit: 900
Processor Information for processor 5
  Max Mhz: 900, Current Mhz: 900, Mhz Limit: 900
Processor Information for processor 6
  Max Mhz: 900, Current Mhz: 900, Mhz Limit: 900
Processor Information for processor 7
  Max Mhz: 900, Current Mhz: 900, Mhz Limit: 900
Processor Information for processor 8
  Max Mhz: 900, Current Mhz: 900, Mhz Limit: 900
Processor Information for processor 9
  Max Mhz: 900, Current Mhz: 900, Mhz Limit: 900
Processor Information for processor 10
  Max Mhz: 900, Current Mhz: 900, Mhz Limit: 900
Processor Information for processor 11
  Max Mhz: 900, Current Mhz: 900, Mhz Limit: 900

Memory: 4k page, system-wide physical 7916M (358M free)
TotalPageFile size 29316M (AvailPageFile size 0M)
current process WorkingSet (physical memory assigned to process): 204M, peak: 204M
current process commit charge ("private bytes"): 300M, peak: 301M

vm_info: OpenJDK 64-Bit Server VM (21.0.6+7-LTS) for windows-amd64 JRE (21.0.6+7-LTS), built on 2025-01-21T00:00:00Z by "admin" with MS VC++ 17.7 (VS2022)

END.
