#
# There is insufficient memory for the Java Runtime Environment to continue.
# Native memory allocation (malloc) failed to allocate 32744 bytes. Error detail: Chunk::new
# Possible reasons:
#   The system is out of physical RAM or swap space
#   This process is running with CompressedOops enabled, and the Java Heap may be blocking the growth of the native heap
# Possible solutions:
#   Reduce memory load on the system
#   Increase physical memory or swap space
#   Check if swap backing store is full
#   Decrease Java heap size (-Xmx/-Xms)
#   Decrease number of Java threads
#   Decrease Java thread stack sizes (-Xss)
#   Set larger code cache with -XX:ReservedCodeCacheSize=
#   JVM is running with Unscaled Compressed Oops mode in which the Java heap is
#     placed in the first 4GB address space. The Java Heap base address is the
#     maximum limit for the native heap growth. Please use -XX:HeapBaseMinAddress
#     to set the Java Heap base and to place the Java Heap above 4GB virtual address.
# This output file may be truncated or incomplete.
#
#  Out of Memory Error (arena.cpp:168), pid=23840, tid=17716
#
# JRE version: OpenJDK Runtime Environment Temurin-21.0.6+7 (21.0.6+7) (build 21.0.6+7-LTS)
# Java VM: OpenJDK 64-Bit Server VM Temurin-21.0.6+7 (21.0.6+7-LTS, mixed mode, sharing, tiered, compressed oops, compressed class ptrs, parallel gc, windows-amd64)
# No core dump will be written. Minidumps are not enabled by default on client versions of Windows
#

---------------  S U M M A R Y ------------

Command Line: --add-modules=ALL-SYSTEM --add-opens=java.base/java.util=ALL-UNNAMED --add-opens=java.base/java.lang=ALL-UNNAMED --add-opens=java.base/sun.nio.fs=ALL-UNNAMED -Declipse.application=org.eclipse.jdt.ls.core.id1 -Dosgi.bundles.defaultStartLevel=4 -Declipse.product=org.eclipse.jdt.ls.core.product -Djava.import.generatesMetadataFilesAtProjectRoot=false -DDetectVMInstallationsJob.disabled=true -Dfile.encoding=utf8 -XX:+UseParallelGC -XX:GCTimeRatio=4 -XX:AdaptiveSizePolicyWeight=90 -Dsun.zip.disableMemoryMapping=true -Xmx1G -Xms100m -Xlog:disable -javaagent:c:\Users\PMLS\.cursor\extensions\redhat.java-1.40.0-win32-x64\lombok\lombok-1.18.36.jar -XX:+HeapDumpOnOutOfMemoryError -XX:HeapDumpPath=c:\Users\PMLS\AppData\Roaming\Cursor\User\workspaceStorage\378ecf23b01c2f05c6648fc96fc238f3\redhat.java -Daether.dependencyCollector.impl=bf c:\Users\PMLS\.cursor\extensions\redhat.java-1.40.0-win32-x64\server\plugins\org.eclipse.equinox.launcher_1.6.1000.v20250131-0606.jar -configuration c:\Users\PMLS\AppData\Roaming\Cursor\User\globalStorage\redhat.java\1.40.0\config_win -data c:\Users\PMLS\AppData\Roaming\Cursor\User\workspaceStorage\378ecf23b01c2f05c6648fc96fc238f3\redhat.java\jdt_ws --pipe=\\.\pipe\lsp-bd8ee577a9d6028f8df9f230660672b8-sock

Host: 12th Gen Intel(R) Core(TM) i5-1235U, 12 cores, 7G,  Windows 11 , 64 bit Build 22621 (10.0.22621.4974)
Time: Wed Mar 19 15:41:00 2025 Pakistan Standard Time elapsed time: 688.613318 seconds (0d 0h 11m 28s)

---------------  T H R E A D  ---------------

Current thread (0x000001d9d4ff2250):  JavaThread "C2 CompilerThread0" daemon [_thread_in_native, id=17716, stack(0x0000007e3ea00000,0x0000007e3eb00000) (1024K)]


Current CompileTask:
C2:688613 10126   !   4       java.util.concurrent.locks.AbstractQueuedSynchronizer::acquire (424 bytes)

Stack: [0x0000007e3ea00000,0x0000007e3eb00000]
Native frames: (J=compiled Java code, j=interpreted, Vv=VM code, C=native code)
V  [jvm.dll+0x6cdee9]
V  [jvm.dll+0x8a83d1]
V  [jvm.dll+0x8aa8fe]
V  [jvm.dll+0x8aafe3]
V  [jvm.dll+0x27f706]
V  [jvm.dll+0xc500d]
V  [jvm.dll+0xc5543]
V  [jvm.dll+0x6f9aec]
V  [jvm.dll+0x1e00d6]
V  [jvm.dll+0x247b42]
V  [jvm.dll+0x246fcf]
V  [jvm.dll+0x1c75ee]
V  [jvm.dll+0x25685a]
V  [jvm.dll+0x254dfa]
V  [jvm.dll+0x3f0256]
V  [jvm.dll+0x851f8b]
V  [jvm.dll+0x6cc5ed]
C  [ucrtbase.dll+0x29333]
C  [KERNEL32.DLL+0x1259d]
C  [ntdll.dll+0x5af38]


---------------  P R O C E S S  ---------------

Threads class SMR info:
_java_thread_list=0x000001d9fc3978f0, length=45, elements={
0x000001d9d4f4dc60, 0x000001d9d4fe9400, 0x000001d9e932e050, 0x000001d9d4fee680,
0x000001d9ea7b1f50, 0x000001d9d4fefa70, 0x000001d9d4ff14d0, 0x000001d9d4ff2250,
0x000001d9d4ffbd70, 0x000001d9ea8880e0, 0x000001d9eaae5f30, 0x000001d9ebec7d20,
0x000001d9ebe933e0, 0x000001d9ebb53480, 0x000001d9ea976460, 0x000001d9eaa1c9c0,
0x000001d9f057d800, 0x000001d9eaabadc0, 0x000001d9eaab7940, 0x000001d9f1b1b1d0,
0x000001d9f1b20db0, 0x000001d9f1b1f370, 0x000001d9f1b1b860, 0x000001d9f1b1d2a0,
0x000001d9f1b1d930, 0x000001d9f1b1dfc0, 0x000001d9f1b1fa00, 0x000001d9f1b21440,
0x000001d9f1b21ad0, 0x000001d9f1b20090, 0x000001d9f1b22160, 0x000001d9f1b1bef0,
0x000001d9f1b1e650, 0x000001d9f1b1ece0, 0x000001d9f1b1c580, 0x000001d9f1b227f0,
0x000001d9eaab9380, 0x000001d9f091f640, 0x000001d9f091e920, 0x000001d9f0921da0,
0x000001d9f091fcd0, 0x000001d9f09209f0, 0x000001d9f0922430, 0x000001d9f0923150,
0x000001d9f091e290
}

Java Threads: ( => current thread )
  0x000001d9d4f4dc60 JavaThread "main"                              [_thread_blocked, id=14172, stack(0x0000007e3e000000,0x0000007e3e100000) (1024K)]
  0x000001d9d4fe9400 JavaThread "Reference Handler"          daemon [_thread_blocked, id=21996, stack(0x0000007e3e400000,0x0000007e3e500000) (1024K)]
  0x000001d9e932e050 JavaThread "Finalizer"                  daemon [_thread_blocked, id=25948, stack(0x0000007e3e500000,0x0000007e3e600000) (1024K)]
  0x000001d9d4fee680 JavaThread "Signal Dispatcher"          daemon [_thread_blocked, id=6036, stack(0x0000007e3e600000,0x0000007e3e700000) (1024K)]
  0x000001d9ea7b1f50 JavaThread "Attach Listener"            daemon [_thread_blocked, id=24864, stack(0x0000007e3e700000,0x0000007e3e800000) (1024K)]
  0x000001d9d4fefa70 JavaThread "Service Thread"             daemon [_thread_blocked, id=6784, stack(0x0000007e3e800000,0x0000007e3e900000) (1024K)]
  0x000001d9d4ff14d0 JavaThread "Monitor Deflation Thread"   daemon [_thread_blocked, id=22800, stack(0x0000007e3e900000,0x0000007e3ea00000) (1024K)]
=>0x000001d9d4ff2250 JavaThread "C2 CompilerThread0"         daemon [_thread_in_native, id=17716, stack(0x0000007e3ea00000,0x0000007e3eb00000) (1024K)]
  0x000001d9d4ffbd70 JavaThread "C1 CompilerThread0"         daemon [_thread_blocked, id=23404, stack(0x0000007e3eb00000,0x0000007e3ec00000) (1024K)]
  0x000001d9ea8880e0 JavaThread "Common-Cleaner"             daemon [_thread_blocked, id=12516, stack(0x0000007e3ec00000,0x0000007e3ed00000) (1024K)]
  0x000001d9eaae5f30 JavaThread "Notification Thread"        daemon [_thread_blocked, id=5552, stack(0x0000007e3ed00000,0x0000007e3ee00000) (1024K)]
  0x000001d9ebec7d20 JavaThread "Active Thread: Equinox Container: b852f10e-ff48-46aa-b4e8-340f63338aed"        [_thread_blocked, id=26876, stack(0x0000007e3f400000,0x0000007e3f500000) (1024K)]
  0x000001d9ebe933e0 JavaThread "Refresh Thread: Equinox Container: b852f10e-ff48-46aa-b4e8-340f63338aed" daemon [_thread_blocked, id=6152, stack(0x0000007e3f500000,0x0000007e3f600000) (1024K)]
  0x000001d9ebb53480 JavaThread "Framework Event Dispatcher: Equinox Container: b852f10e-ff48-46aa-b4e8-340f63338aed" daemon [_thread_blocked, id=26716, stack(0x0000007e3f700000,0x0000007e3f800000) (1024K)]
  0x000001d9ea976460 JavaThread "Start Level: Equinox Container: b852f10e-ff48-46aa-b4e8-340f63338aed" daemon [_thread_blocked, id=16312, stack(0x0000007e3f800000,0x0000007e3f900000) (1024K)]
  0x000001d9eaa1c9c0 JavaThread "Bundle File Closer"         daemon [_thread_blocked, id=24992, stack(0x0000007e3f900000,0x0000007e3fa00000) (1024K)]
  0x000001d9f057d800 JavaThread "SCR Component Actor"        daemon [_thread_blocked, id=1132, stack(0x0000007e3fb00000,0x0000007e3fc00000) (1024K)]
  0x000001d9eaabadc0 JavaThread "Worker-JM"                         [_thread_blocked, id=27384, stack(0x0000007e3fd00000,0x0000007e3fe00000) (1024K)]
  0x000001d9eaab7940 JavaThread "JNA Cleaner"                daemon [_thread_blocked, id=13064, stack(0x0000007e3fe00000,0x0000007e3ff00000) (1024K)]
  0x000001d9f1b1b1d0 JavaThread "Java indexing"              daemon [_thread_blocked, id=9644, stack(0x0000007e40300000,0x0000007e40400000) (1024K)]
  0x000001d9f1b20db0 JavaThread "Worker-4"                          [_thread_blocked, id=7676, stack(0x0000007e40600000,0x0000007e40700000) (1024K)]
  0x000001d9f1b1f370 JavaThread "Worker-5"                          [_thread_blocked, id=4528, stack(0x0000007e40700000,0x0000007e40800000) (1024K)]
  0x000001d9f1b1b860 JavaThread "Thread-2"                   daemon [_thread_in_native, id=6340, stack(0x0000007e40800000,0x0000007e40900000) (1024K)]
  0x000001d9f1b1d2a0 JavaThread "Thread-3"                   daemon [_thread_in_native, id=2188, stack(0x0000007e40900000,0x0000007e40a00000) (1024K)]
  0x000001d9f1b1d930 JavaThread "Thread-4"                   daemon [_thread_in_native, id=22088, stack(0x0000007e40a00000,0x0000007e40b00000) (1024K)]
  0x000001d9f1b1dfc0 JavaThread "Thread-5"                   daemon [_thread_in_native, id=3636, stack(0x0000007e40b00000,0x0000007e40c00000) (1024K)]
  0x000001d9f1b1fa00 JavaThread "Thread-6"                   daemon [_thread_in_native, id=6932, stack(0x0000007e40c00000,0x0000007e40d00000) (1024K)]
  0x000001d9f1b21440 JavaThread "Thread-7"                   daemon [_thread_in_native, id=11040, stack(0x0000007e40d00000,0x0000007e40e00000) (1024K)]
  0x000001d9f1b21ad0 JavaThread "Thread-8"                   daemon [_thread_in_native, id=22588, stack(0x0000007e40e00000,0x0000007e40f00000) (1024K)]
  0x000001d9f1b20090 JavaThread "Thread-9"                   daemon [_thread_in_native, id=19488, stack(0x0000007e40f00000,0x0000007e41000000) (1024K)]
  0x000001d9f1b22160 JavaThread "Thread-10"                  daemon [_thread_in_native, id=17752, stack(0x0000007e41000000,0x0000007e41100000) (1024K)]
  0x000001d9f1b1bef0 JavaThread "Thread-11"                  daemon [_thread_in_native, id=25472, stack(0x0000007e41100000,0x0000007e41200000) (1024K)]
  0x000001d9f1b1e650 JavaThread "Thread-12"                  daemon [_thread_in_native, id=24504, stack(0x0000007e41200000,0x0000007e41300000) (1024K)]
  0x000001d9f1b1ece0 JavaThread "Thread-13"                  daemon [_thread_in_native, id=11820, stack(0x0000007e41300000,0x0000007e41400000) (1024K)]
  0x000001d9f1b1c580 JavaThread "Thread-14"                  daemon [_thread_in_native, id=23728, stack(0x0000007e41400000,0x0000007e41500000) (1024K)]
  0x000001d9f1b227f0 JavaThread "pool-2-thread-1"                   [_thread_blocked, id=23908, stack(0x0000007e41600000,0x0000007e41700000) (1024K)]
  0x000001d9eaab9380 JavaThread "WorkspaceEventsHandler"            [_thread_blocked, id=1248, stack(0x0000007e41800000,0x0000007e41900000) (1024K)]
  0x000001d9f091f640 JavaThread "pool-1-thread-1"                   [_thread_blocked, id=11716, stack(0x0000007e41900000,0x0000007e41a00000) (1024K)]
  0x000001d9f091e920 JavaThread "Timer-0"                           [_thread_blocked, id=24604, stack(0x0000007e41d00000,0x0000007e41e00000) (1024K)]
  0x000001d9f0921da0 JavaThread "ForkJoinPool.commonPool-worker-6" daemon [_thread_blocked, id=20792, stack(0x0000007e3ff00000,0x0000007e40000000) (1024K)]
  0x000001d9f091fcd0 JavaThread "ForkJoinPool.commonPool-worker-7" daemon [_thread_blocked, id=23200, stack(0x0000007e40100000,0x0000007e40200000) (1024K)]
  0x000001d9f09209f0 JavaThread "ForkJoinPool.commonPool-worker-10" daemon [_thread_blocked, id=8096, stack(0x0000007e3de00000,0x0000007e3df00000) (1024K)]
  0x000001d9f0922430 JavaThread "ForkJoinPool.commonPool-worker-9" daemon [_thread_blocked, id=13208, stack(0x0000007e3fc00000,0x0000007e3fd00000) (1024K)]
  0x000001d9f0923150 JavaThread "ForkJoinPool.commonPool-worker-11" daemon [_thread_blocked, id=9956, stack(0x0000007e40000000,0x0000007e40100000) (1024K)]
  0x000001d9f091e290 JavaThread "ForkJoinPool.commonPool-worker-12" daemon [_thread_blocked, id=26180, stack(0x0000007e40200000,0x0000007e40300000) (1024K)]
Total: 45

Other Threads:
  0x000001d9e9314500 VMThread "VM Thread"                           [id=25420, stack(0x0000007e3e300000,0x0000007e3e400000) (1024K)]
  0x000001d9e920c180 WatcherThread "VM Periodic Task Thread"        [id=27068, stack(0x0000007e3e200000,0x0000007e3e300000) (1024K)]
  0x000001d9d4f645b0 WorkerThread "GC Thread#0"                     [id=27592, stack(0x0000007e3e100000,0x0000007e3e200000) (1024K)]
  0x000001d9eb78d0c0 WorkerThread "GC Thread#1"                     [id=9684, stack(0x0000007e3ee00000,0x0000007e3ef00000) (1024K)]
  0x000001d9eb97f4c0 WorkerThread "GC Thread#2"                     [id=8524, stack(0x0000007e3ef00000,0x0000007e3f000000) (1024K)]
  0x000001d9eb97f860 WorkerThread "GC Thread#3"                     [id=19648, stack(0x0000007e3f000000,0x0000007e3f100000) (1024K)]
  0x000001d9eb97fc00 WorkerThread "GC Thread#4"                     [id=16136, stack(0x0000007e3f100000,0x0000007e3f200000) (1024K)]
  0x000001d9eb7c6890 WorkerThread "GC Thread#5"                     [id=19584, stack(0x0000007e3f200000,0x0000007e3f300000) (1024K)]
  0x000001d9eb7c6c30 WorkerThread "GC Thread#6"                     [id=10284, stack(0x0000007e3f300000,0x0000007e3f400000) (1024K)]
  0x000001d9ea971440 WorkerThread "GC Thread#7"                     [id=26340, stack(0x0000007e3f600000,0x0000007e3f700000) (1024K)]
  0x000001d9f03ba410 WorkerThread "GC Thread#8"                     [id=13924, stack(0x0000007e3df00000,0x0000007e3e000000) (1024K)]
  0x000001d9f03c3e00 WorkerThread "GC Thread#9"                     [id=3216, stack(0x0000007e3fa00000,0x0000007e3fb00000) (1024K)]
Total: 12

Threads with active compile tasks:
C2 CompilerThread0  688686 10126   !   4       java.util.concurrent.locks.AbstractQueuedSynchronizer::acquire (424 bytes)
Total: 1

VM state: not at safepoint (normal execution)

VM Mutex/Monitor currently owned by a thread: None

Heap address: 0x00000000c0000000, size: 1024 MB, Compressed Oops mode: 32-bit

CDS archive(s) mapped at: [0x000001d980000000-0x000001d980ba0000-0x000001d980ba0000), size 12189696, SharedBaseAddress: 0x000001d980000000, ArchiveRelocationMode: 1.
Compressed class space mapped at: 0x000001d981000000-0x000001d9c1000000, reserved size: 1073741824
Narrow klass base: 0x000001d980000000, Narrow klass shift: 0, Narrow klass range: 0x100000000

GC Precious Log:
 CardTable entry size: 512
 CPUs: 12 total, 12 available
 Memory: 7916M
 Large Page Support: Disabled
 NUMA Support: Disabled
 Compressed Oops: Enabled (32-bit)
 Alignments: Space 512K, Generation 512K, Heap 2M
 Heap Min Capacity: 100M
 Heap Initial Capacity: 100M
 Heap Max Capacity: 1G
 Pre-touch: Disabled
 Parallel Workers: 10

Heap:
 PSYoungGen      total 19968K, used 12925K [0x00000000eab00000, 0x00000000ec280000, 0x0000000100000000)
  eden space 16384K, 57% used [0x00000000eab00000,0x00000000eb41fec0,0x00000000ebb00000)
  from space 3584K, 99% used [0x00000000ebb80000,0x00000000ebeff610,0x00000000ebf00000)
  to   space 512K, 0% used [0x00000000ec200000,0x00000000ec200000,0x00000000ec280000)
 ParOldGen       total 406528K, used 375918K [0x00000000c0000000, 0x00000000d8d00000, 0x00000000eab00000)
  object space 406528K, 92% used [0x00000000c0000000,0x00000000d6f1b990,0x00000000d8d00000)
 Metaspace       used 65226K, committed 66560K, reserved 1114112K
  class space    used 7401K, committed 8000K, reserved 1048576K

Card table byte_map: [0x000001d9d4900000,0x000001d9d4b10000] _byte_map_base: 0x000001d9d4300000

Marking Bits: (ParMarkBitMap*) 0x00007ffc9b773260
 Begin Bits: [0x000001d9e7130000, 0x000001d9e8130000)
 End Bits:   [0x000001d9e8130000, 0x000001d9e9130000)

Polling page: 0x000001d9d2c00000

Metaspace:

Usage:
  Non-class:     56.47 MB used.
      Class:      7.23 MB used.
       Both:     63.70 MB used.

Virtual space:
  Non-class space:       64.00 MB reserved,      57.19 MB ( 89%) committed,  1 nodes.
      Class space:        1.00 GB reserved,       7.81 MB ( <1%) committed,  1 nodes.
             Both:        1.06 GB reserved,      65.00 MB (  6%) committed. 

Chunk freelists:
   Non-Class:  5.64 MB
       Class:  8.02 MB
        Both:  13.66 MB

MaxMetaspaceSize: unlimited
CompressedClassSpaceSize: 1.00 GB
Initial GC threshold: 21.00 MB
Current GC threshold: 97.31 MB
CDS: on
 - commit_granule_bytes: 65536.
 - commit_granule_words: 8192.
 - virtual_space_node_default_size: 8388608.
 - enlarge_chunks_in_place: 1.
 - use_allocation_guard: 0.


Internal statistics:

num_allocs_failed_limit: 9.
num_arena_births: 1080.
num_arena_deaths: 26.
num_vsnodes_births: 2.
num_vsnodes_deaths: 0.
num_space_committed: 1040.
num_space_uncommitted: 0.
num_chunks_returned_to_freelist: 37.
num_chunks_taken_from_freelist: 3834.
num_chunk_merges: 16.
num_chunk_splits: 2428.
num_chunks_enlarged: 1455.
num_inconsistent_stats: 0.

CodeHeap 'non-profiled nmethods': size=120000Kb used=8153Kb max_used=8153Kb free=111846Kb
 bounds [0x000001d9dfc00000, 0x000001d9e0400000, 0x000001d9e7130000]
CodeHeap 'profiled nmethods': size=120000Kb used=19031Kb max_used=19031Kb free=100969Kb
 bounds [0x000001d9d8130000, 0x000001d9d93d0000, 0x000001d9df660000]
CodeHeap 'non-nmethods': size=5760Kb used=1446Kb max_used=1517Kb free=4313Kb
 bounds [0x000001d9df660000, 0x000001d9df8d0000, 0x000001d9dfc00000]
 total_blobs=10146 nmethods=9389 adapters=663
 compilation: enabled
              stopped_count=0, restarted_count=0
 full_count=0

Compilation events (20 events):
Event: 687.312 Thread 0x000001d9d4ffbd70 nmethod 10115 0x000001d9d93c0c90 code [0x000001d9d93c0e40, 0x000001d9d93c0fa8]
Event: 687.312 Thread 0x000001d9d4ffbd70 10117       3       org.eclipse.jdt.internal.core.JavaModelManager::getIndexManager (7 bytes)
Event: 687.314 Thread 0x000001d9d4ffbd70 nmethod 10117 0x000001d9d93c1090 code [0x000001d9d93c1220, 0x000001d9d93c1328]
Event: 687.314 Thread 0x000001d9d4ffbd70 10116       3       org.eclipse.core.runtime.Path::isEmpty (23 bytes)
Event: 687.314 Thread 0x000001d9d4ffbd70 nmethod 10116 0x000001d9d93c1410 code [0x000001d9d93c15c0, 0x000001d9d93c1788]
Event: 687.761 Thread 0x000001d9d4ffbd70 10118       3       com.google.gson.internal.bind.ReflectiveTypeAdapterFactory$FieldReflectionAdapter::readField (7 bytes)
Event: 687.764 Thread 0x000001d9d4ffbd70 nmethod 10118 0x000001d9d93c1890 code [0x000001d9d93c1a40, 0x000001d9d93c1c28]
Event: 687.764 Thread 0x000001d9d4ffbd70 10120       3       java.util.HashMap::prepareArray (38 bytes)
Event: 687.766 Thread 0x000001d9d4ffbd70 nmethod 10120 0x000001d9d93c1d10 code [0x000001d9d93c1f00, 0x000001d9d93c24b0]
Event: 687.766 Thread 0x000001d9d4ffbd70 10119       3       com.google.gson.internal.bind.ReflectiveTypeAdapterFactory$2::readIntoField (93 bytes)
Event: 687.777 Thread 0x000001d9d4ffbd70 nmethod 10119 0x000001d9d93c2690 code [0x000001d9d93c29a0, 0x000001d9d93c3700]
Event: 688.287 Thread 0x000001d9d4ffbd70 10121       1       java.util.concurrent.ForkJoinTask$AdaptedCallable::getRawResult (5 bytes)
Event: 688.287 Thread 0x000001d9d4ffbd70 nmethod 10121 0x000001d9e03f4990 code [0x000001d9e03f4b20, 0x000001d9e03f4be8]
Event: 688.385 Thread 0x000001d9d4ff2250 10122       4       org.eclipse.core.internal.resources.Project::hasNature (36 bytes)
Event: 688.385 Thread 0x000001d9d4ffbd70 10123       3       org.eclipse.core.internal.resources.Workspace::newResource (168 bytes)
Event: 688.393 Thread 0x000001d9d4ffbd70 nmethod 10123 0x000001d9d93c3c10 code [0x000001d9d93c3fa0, 0x000001d9d93c5418]
Event: 688.411 Thread 0x000001d9d4ff2250 nmethod 10122 0x000001d9e03f4c90 code [0x000001d9e03f4e60, 0x000001d9e03f54b0]
Event: 688.571 Thread 0x000001d9d4ff2250 10124       4       java.lang.Integer::toString (55 bytes)
Event: 688.581 Thread 0x000001d9d4ff2250 nmethod 10124 0x000001d9e03f5990 code [0x000001d9e03f5b40, 0x000001d9e03f6208]
Event: 688.581 Thread 0x000001d9d4ff2250 10126   !   4       java.util.concurrent.locks.AbstractQueuedSynchronizer::acquire (424 bytes)

GC Heap History (20 events):
Event: 675.133 GC heap before
{Heap before GC invocations=539 (full 3):
 PSYoungGen      total 27136K, used 26940K [0x00000000eab00000, 0x00000000ecd80000, 0x0000000100000000)
  eden space 19968K, 100% used [0x00000000eab00000,0x00000000ebe80000,0x00000000ebe80000)
  from space 7168K, 97% used [0x00000000ec180000,0x00000000ec84f2c0,0x00000000ec880000)
  to   space 5120K, 0% used [0x00000000ec880000,0x00000000ec880000,0x00000000ecd80000)
 ParOldGen       total 406528K, used 357911K [0x00000000c0000000, 0x00000000d8d00000, 0x00000000eab00000)
  object space 406528K, 88% used [0x00000000c0000000,0x00000000d5d85ce0,0x00000000d8d00000)
 Metaspace       used 65221K, committed 66560K, reserved 1114112K
  class space    used 7401K, committed 8000K, reserved 1048576K
}
Event: 675.142 GC heap after
{Heap after GC invocations=539 (full 3):
 PSYoungGen      total 25088K, used 5116K [0x00000000eab00000, 0x00000000ecd80000, 0x0000000100000000)
  eden space 19968K, 0% used [0x00000000eab00000,0x00000000eab00000,0x00000000ebe80000)
  from space 5120K, 99% used [0x00000000ec880000,0x00000000ecd7f2c0,0x00000000ecd80000)
  to   space 6656K, 0% used [0x00000000ec080000,0x00000000ec080000,0x00000000ec700000)
 ParOldGen       total 406528K, used 358479K [0x00000000c0000000, 0x00000000d8d00000, 0x00000000eab00000)
  object space 406528K, 88% used [0x00000000c0000000,0x00000000d5e13ce0,0x00000000d8d00000)
 Metaspace       used 65221K, committed 66560K, reserved 1114112K
  class space    used 7401K, committed 8000K, reserved 1048576K
}
Event: 679.124 GC heap before
{Heap before GC invocations=540 (full 3):
 PSYoungGen      total 25088K, used 25068K [0x00000000eab00000, 0x00000000ecd80000, 0x0000000100000000)
  eden space 19968K, 99% used [0x00000000eab00000,0x00000000ebe7bfa0,0x00000000ebe80000)
  from space 5120K, 99% used [0x00000000ec880000,0x00000000ecd7f2c0,0x00000000ecd80000)
  to   space 6656K, 0% used [0x00000000ec080000,0x00000000ec080000,0x00000000ec700000)
 ParOldGen       total 406528K, used 358479K [0x00000000c0000000, 0x00000000d8d00000, 0x00000000eab00000)
  object space 406528K, 88% used [0x00000000c0000000,0x00000000d5e13ce0,0x00000000d8d00000)
 Metaspace       used 65222K, committed 66560K, reserved 1114112K
  class space    used 7401K, committed 8000K, reserved 1048576K
}
Event: 679.134 GC heap after
{Heap after GC invocations=540 (full 3):
 PSYoungGen      total 24064K, used 3868K [0x00000000eab00000, 0x00000000ec900000, 0x0000000100000000)
  eden space 19968K, 0% used [0x00000000eab00000,0x00000000eab00000,0x00000000ebe80000)
  from space 4096K, 94% used [0x00000000ec080000,0x00000000ec4472c0,0x00000000ec480000)
  to   space 4608K, 0% used [0x00000000ec480000,0x00000000ec480000,0x00000000ec900000)
 ParOldGen       total 406528K, used 359071K [0x00000000c0000000, 0x00000000d8d00000, 0x00000000eab00000)
  object space 406528K, 88% used [0x00000000c0000000,0x00000000d5ea7ce0,0x00000000d8d00000)
 Metaspace       used 65222K, committed 66560K, reserved 1114112K
  class space    used 7401K, committed 8000K, reserved 1048576K
}
Event: 686.780 GC heap before
{Heap before GC invocations=541 (full 3):
 PSYoungGen      total 24064K, used 23824K [0x00000000eab00000, 0x00000000ec900000, 0x0000000100000000)
  eden space 19968K, 99% used [0x00000000eab00000,0x00000000ebe7cf18,0x00000000ebe80000)
  from space 4096K, 94% used [0x00000000ec080000,0x00000000ec4472c0,0x00000000ec480000)
  to   space 4608K, 0% used [0x00000000ec480000,0x00000000ec480000,0x00000000ec900000)
 ParOldGen       total 406528K, used 359071K [0x00000000c0000000, 0x00000000d8d00000, 0x00000000eab00000)
  object space 406528K, 88% used [0x00000000c0000000,0x00000000d5ea7ce0,0x00000000d8d00000)
 Metaspace       used 65222K, committed 66560K, reserved 1114112K
  class space    used 7401K, committed 8000K, reserved 1048576K
}
Event: 686.783 GC heap after
{Heap after GC invocations=541 (full 3):
 PSYoungGen      total 20480K, used 224K [0x00000000eab00000, 0x00000000ec500000, 0x0000000100000000)
  eden space 19968K, 0% used [0x00000000eab00000,0x00000000eab00000,0x00000000ebe80000)
  from space 512K, 43% used [0x00000000ec480000,0x00000000ec4b8000,0x00000000ec500000)
  to   space 2048K, 0% used [0x00000000ec100000,0x00000000ec100000,0x00000000ec300000)
 ParOldGen       total 406528K, used 359143K [0x00000000c0000000, 0x00000000d8d00000, 0x00000000eab00000)
  object space 406528K, 88% used [0x00000000c0000000,0x00000000d5eb9ce0,0x00000000d8d00000)
 Metaspace       used 65222K, committed 66560K, reserved 1114112K
  class space    used 7401K, committed 8000K, reserved 1048576K
}
Event: 687.313 GC heap before
{Heap before GC invocations=542 (full 3):
 PSYoungGen      total 20480K, used 20192K [0x00000000eab00000, 0x00000000ec500000, 0x0000000100000000)
  eden space 19968K, 100% used [0x00000000eab00000,0x00000000ebe80000,0x00000000ebe80000)
  from space 512K, 43% used [0x00000000ec480000,0x00000000ec4b8000,0x00000000ec500000)
  to   space 2048K, 0% used [0x00000000ec100000,0x00000000ec100000,0x00000000ec300000)
 ParOldGen       total 406528K, used 359143K [0x00000000c0000000, 0x00000000d8d00000, 0x00000000eab00000)
  object space 406528K, 88% used [0x00000000c0000000,0x00000000d5eb9ce0,0x00000000d8d00000)
 Metaspace       used 65222K, committed 66560K, reserved 1114112K
  class space    used 7401K, committed 8000K, reserved 1048576K
}
Event: 687.314 GC heap after
{Heap after GC invocations=542 (full 3):
 PSYoungGen      total 22016K, used 638K [0x00000000eab00000, 0x00000000ec500000, 0x0000000100000000)
  eden space 19968K, 0% used [0x00000000eab00000,0x00000000eab00000,0x00000000ebe80000)
  from space 2048K, 31% used [0x00000000ec100000,0x00000000ec19f960,0x00000000ec300000)
  to   space 1024K, 0% used [0x00000000ec400000,0x00000000ec400000,0x00000000ec500000)
 ParOldGen       total 406528K, used 359167K [0x00000000c0000000, 0x00000000d8d00000, 0x00000000eab00000)
  object space 406528K, 88% used [0x00000000c0000000,0x00000000d5ebfce0,0x00000000d8d00000)
 Metaspace       used 65222K, committed 66560K, reserved 1114112K
  class space    used 7401K, committed 8000K, reserved 1048576K
}
Event: 687.348 GC heap before
{Heap before GC invocations=543 (full 3):
 PSYoungGen      total 22016K, used 20606K [0x00000000eab00000, 0x00000000ec500000, 0x0000000100000000)
  eden space 19968K, 100% used [0x00000000eab00000,0x00000000ebe80000,0x00000000ebe80000)
  from space 2048K, 31% used [0x00000000ec100000,0x00000000ec19f960,0x00000000ec300000)
  to   space 1024K, 0% used [0x00000000ec400000,0x00000000ec400000,0x00000000ec500000)
 ParOldGen       total 406528K, used 359167K [0x00000000c0000000, 0x00000000d8d00000, 0x00000000eab00000)
  object space 406528K, 88% used [0x00000000c0000000,0x00000000d5ebfce0,0x00000000d8d00000)
 Metaspace       used 65223K, committed 66560K, reserved 1114112K
  class space    used 7401K, committed 8000K, reserved 1048576K
}
Event: 687.385 GC heap after
{Heap after GC invocations=543 (full 3):
 PSYoungGen      total 17408K, used 1017K [0x00000000eab00000, 0x00000000ed080000, 0x0000000100000000)
  eden space 16384K, 0% used [0x00000000eab00000,0x00000000eab00000,0x00000000ebb00000)
  from space 1024K, 99% used [0x00000000ec400000,0x00000000ec4fe538,0x00000000ec500000)
  to   space 9216K, 0% used [0x00000000ebb00000,0x00000000ebb00000,0x00000000ec400000)
 ParOldGen       total 406528K, used 365703K [0x00000000c0000000, 0x00000000d8d00000, 0x00000000eab00000)
  object space 406528K, 89% used [0x00000000c0000000,0x00000000d6521ce0,0x00000000d8d00000)
 Metaspace       used 65223K, committed 66560K, reserved 1114112K
  class space    used 7401K, committed 8000K, reserved 1048576K
}
Event: 687.808 GC heap before
{Heap before GC invocations=544 (full 3):
 PSYoungGen      total 17408K, used 17401K [0x00000000eab00000, 0x00000000ed080000, 0x0000000100000000)
  eden space 16384K, 100% used [0x00000000eab00000,0x00000000ebb00000,0x00000000ebb00000)
  from space 1024K, 99% used [0x00000000ec400000,0x00000000ec4fe538,0x00000000ec500000)
  to   space 9216K, 0% used [0x00000000ebb00000,0x00000000ebb00000,0x00000000ec400000)
 ParOldGen       total 406528K, used 365703K [0x00000000c0000000, 0x00000000d8d00000, 0x00000000eab00000)
  object space 406528K, 89% used [0x00000000c0000000,0x00000000d6521ce0,0x00000000d8d00000)
 Metaspace       used 65224K, committed 66560K, reserved 1114112K
  class space    used 7401K, committed 8000K, reserved 1048576K
}
Event: 687.814 GC heap after
{Heap after GC invocations=544 (full 3):
 PSYoungGen      total 23040K, used 6428K [0x00000000eab00000, 0x00000000ec900000, 0x0000000100000000)
  eden space 16384K, 0% used [0x00000000eab00000,0x00000000eab00000,0x00000000ebb00000)
  from space 6656K, 96% used [0x00000000ebb00000,0x00000000ec1472c0,0x00000000ec180000)
  to   space 7168K, 0% used [0x00000000ec200000,0x00000000ec200000,0x00000000ec900000)
 ParOldGen       total 406528K, used 365879K [0x00000000c0000000, 0x00000000d8d00000, 0x00000000eab00000)
  object space 406528K, 90% used [0x00000000c0000000,0x00000000d654dce0,0x00000000d8d00000)
 Metaspace       used 65224K, committed 66560K, reserved 1114112K
  class space    used 7401K, committed 8000K, reserved 1048576K
}
Event: 688.204 GC heap before
{Heap before GC invocations=545 (full 3):
 PSYoungGen      total 23040K, used 22812K [0x00000000eab00000, 0x00000000ec900000, 0x0000000100000000)
  eden space 16384K, 100% used [0x00000000eab00000,0x00000000ebb00000,0x00000000ebb00000)
  from space 6656K, 96% used [0x00000000ebb00000,0x00000000ec1472c0,0x00000000ec180000)
  to   space 7168K, 0% used [0x00000000ec200000,0x00000000ec200000,0x00000000ec900000)
 ParOldGen       total 406528K, used 365879K [0x00000000c0000000, 0x00000000d8d00000, 0x00000000eab00000)
  object space 406528K, 90% used [0x00000000c0000000,0x00000000d654dce0,0x00000000d8d00000)
 Metaspace       used 65224K, committed 66560K, reserved 1114112K
  class space    used 7401K, committed 8000K, reserved 1048576K
}
Event: 688.208 GC heap after
{Heap after GC invocations=545 (full 3):
 PSYoungGen      total 16896K, used 192K [0x00000000eab00000, 0x00000000ec280000, 0x0000000100000000)
  eden space 16384K, 0% used [0x00000000eab00000,0x00000000eab00000,0x00000000ebb00000)
  from space 512K, 37% used [0x00000000ec200000,0x00000000ec230000,0x00000000ec280000)
  to   space 2560K, 0% used [0x00000000ebd80000,0x00000000ebd80000,0x00000000ec000000)
 ParOldGen       total 406528K, used 365935K [0x00000000c0000000, 0x00000000d8d00000, 0x00000000eab00000)
  object space 406528K, 90% used [0x00000000c0000000,0x00000000d655bce0,0x00000000d8d00000)
 Metaspace       used 65224K, committed 66560K, reserved 1114112K
  class space    used 7401K, committed 8000K, reserved 1048576K
}
Event: 688.232 GC heap before
{Heap before GC invocations=546 (full 3):
 PSYoungGen      total 16896K, used 16576K [0x00000000eab00000, 0x00000000ec280000, 0x0000000100000000)
  eden space 16384K, 100% used [0x00000000eab00000,0x00000000ebb00000,0x00000000ebb00000)
  from space 512K, 37% used [0x00000000ec200000,0x00000000ec230000,0x00000000ec280000)
  to   space 2560K, 0% used [0x00000000ebd80000,0x00000000ebd80000,0x00000000ec000000)
 ParOldGen       total 406528K, used 365935K [0x00000000c0000000, 0x00000000d8d00000, 0x00000000eab00000)
  object space 406528K, 90% used [0x00000000c0000000,0x00000000d655bce0,0x00000000d8d00000)
 Metaspace       used 65224K, committed 66560K, reserved 1114112K
  class space    used 7401K, committed 8000K, reserved 1048576K
}
Event: 688.284 GC heap after
{Heap after GC invocations=546 (full 3):
 PSYoungGen      total 18944K, used 2553K [0x00000000eab00000, 0x00000000ec280000, 0x0000000100000000)
  eden space 16384K, 0% used [0x00000000eab00000,0x00000000eab00000,0x00000000ebb00000)
  from space 2560K, 99% used [0x00000000ebd80000,0x00000000ebffe538,0x00000000ec000000)
  to   space 512K, 0% used [0x00000000ec200000,0x00000000ec200000,0x00000000ec280000)
 ParOldGen       total 406528K, used 371007K [0x00000000c0000000, 0x00000000d8d00000, 0x00000000eab00000)
  object space 406528K, 91% used [0x00000000c0000000,0x00000000d6a4fce0,0x00000000d8d00000)
 Metaspace       used 65224K, committed 66560K, reserved 1114112K
  class space    used 7401K, committed 8000K, reserved 1048576K
}
Event: 688.473 GC heap before
{Heap before GC invocations=547 (full 3):
 PSYoungGen      total 18944K, used 18937K [0x00000000eab00000, 0x00000000ec280000, 0x0000000100000000)
  eden space 16384K, 100% used [0x00000000eab00000,0x00000000ebb00000,0x00000000ebb00000)
  from space 2560K, 99% used [0x00000000ebd80000,0x00000000ebffe538,0x00000000ec000000)
  to   space 512K, 0% used [0x00000000ec200000,0x00000000ec200000,0x00000000ec280000)
 ParOldGen       total 406528K, used 371007K [0x00000000c0000000, 0x00000000d8d00000, 0x00000000eab00000)
  object space 406528K, 91% used [0x00000000c0000000,0x00000000d6a4fce0,0x00000000d8d00000)
 Metaspace       used 65226K, committed 66560K, reserved 1114112K
  class space    used 7401K, committed 8000K, reserved 1048576K
}
Event: 688.475 GC heap after
{Heap after GC invocations=547 (full 3):
 PSYoungGen      total 16896K, used 512K [0x00000000eab00000, 0x00000000ec280000, 0x0000000100000000)
  eden space 16384K, 0% used [0x00000000eab00000,0x00000000eab00000,0x00000000ebb00000)
  from space 512K, 100% used [0x00000000ec200000,0x00000000ec280000,0x00000000ec280000)
  to   space 3584K, 0% used [0x00000000ebb80000,0x00000000ebb80000,0x00000000ebf00000)
 ParOldGen       total 406528K, used 371223K [0x00000000c0000000, 0x00000000d8d00000, 0x00000000eab00000)
  object space 406528K, 91% used [0x00000000c0000000,0x00000000d6a85ce0,0x00000000d8d00000)
 Metaspace       used 65226K, committed 66560K, reserved 1114112K
  class space    used 7401K, committed 8000K, reserved 1048576K
}
Event: 688.508 GC heap before
{Heap before GC invocations=548 (full 3):
 PSYoungGen      total 16896K, used 16896K [0x00000000eab00000, 0x00000000ec280000, 0x0000000100000000)
  eden space 16384K, 100% used [0x00000000eab00000,0x00000000ebb00000,0x00000000ebb00000)
  from space 512K, 100% used [0x00000000ec200000,0x00000000ec280000,0x00000000ec280000)
  to   space 3584K, 0% used [0x00000000ebb80000,0x00000000ebb80000,0x00000000ebf00000)
 ParOldGen       total 406528K, used 371223K [0x00000000c0000000, 0x00000000d8d00000, 0x00000000eab00000)
  object space 406528K, 91% used [0x00000000c0000000,0x00000000d6a85ce0,0x00000000d8d00000)
 Metaspace       used 65226K, committed 66560K, reserved 1114112K
  class space    used 7401K, committed 8000K, reserved 1048576K
}
Event: 688.564 GC heap after
{Heap after GC invocations=548 (full 3):
 PSYoungGen      total 19968K, used 3581K [0x00000000eab00000, 0x00000000ec280000, 0x0000000100000000)
  eden space 16384K, 0% used [0x00000000eab00000,0x00000000eab00000,0x00000000ebb00000)
  from space 3584K, 99% used [0x00000000ebb80000,0x00000000ebeff610,0x00000000ebf00000)
  to   space 512K, 0% used [0x00000000ec200000,0x00000000ec200000,0x00000000ec280000)
 ParOldGen       total 406528K, used 375918K [0x00000000c0000000, 0x00000000d8d00000, 0x00000000eab00000)
  object space 406528K, 92% used [0x00000000c0000000,0x00000000d6f1b990,0x00000000d8d00000)
 Metaspace       used 65226K, committed 66560K, reserved 1114112K
  class space    used 7401K, committed 8000K, reserved 1048576K
}

Dll operation events (15 events):
Event: 0.027 Loaded shared library c:\Users\PMLS\.cursor\extensions\redhat.java-1.40.0-win32-x64\jre\21.0.6-win32-x86_64\bin\java.dll
Event: 0.261 Loaded shared library c:\Users\PMLS\.cursor\extensions\redhat.java-1.40.0-win32-x64\jre\21.0.6-win32-x86_64\bin\zip.dll
Event: 0.318 Loaded shared library C:\Users\PMLS\.cursor\extensions\redhat.java-1.40.0-win32-x64\jre\21.0.6-win32-x86_64\bin\instrument.dll
Event: 0.328 Loaded shared library C:\Users\PMLS\.cursor\extensions\redhat.java-1.40.0-win32-x64\jre\21.0.6-win32-x86_64\bin\net.dll
Event: 0.335 Loaded shared library C:\Users\PMLS\.cursor\extensions\redhat.java-1.40.0-win32-x64\jre\21.0.6-win32-x86_64\bin\nio.dll
Event: 0.350 Loaded shared library C:\Users\PMLS\.cursor\extensions\redhat.java-1.40.0-win32-x64\jre\21.0.6-win32-x86_64\bin\zip.dll
Event: 0.406 Loaded shared library C:\Users\PMLS\.cursor\extensions\redhat.java-1.40.0-win32-x64\jre\21.0.6-win32-x86_64\bin\jimage.dll
Event: 0.600 Loaded shared library c:\Users\PMLS\.cursor\extensions\redhat.java-1.40.0-win32-x64\jre\21.0.6-win32-x86_64\bin\verify.dll
Event: 21.416 Loaded shared library C:\Users\PMLS\AppData\Roaming\Cursor\User\globalStorage\redhat.java\1.40.0\config_win\org.eclipse.equinox.launcher\org.eclipse.equinox.launcher.win32.win32.x86_64_1.2.1200.v20250212-0927\eclipse_11909.dll
Event: 45.301 Loaded shared library C:\Users\PMLS\AppData\Local\Temp\jna-76263555\jna6276661988888309145.dll
Event: 49.319 Loaded shared library C:\Users\PMLS\.cursor\extensions\redhat.java-1.40.0-win32-x64\jre\21.0.6-win32-x86_64\bin\sunmscapi.dll
Event: 49.762 Loaded shared library C:\Users\PMLS\.cursor\extensions\redhat.java-1.40.0-win32-x64\jre\21.0.6-win32-x86_64\bin\extnet.dll
Event: 74.214 Loaded shared library C:\Users\PMLS\.gradle\native\68d5fa5c4cc2d200863cafc0d521ce42e7d3e7ee720ec0a83991735586a16f82\windows-amd64\native-platform.dll
Event: 87.947 Loaded shared library C:\Users\PMLS\.cursor\extensions\redhat.java-1.40.0-win32-x64\jre\21.0.6-win32-x86_64\bin\management.dll
Event: 87.953 Loaded shared library C:\Users\PMLS\.cursor\extensions\redhat.java-1.40.0-win32-x64\jre\21.0.6-win32-x86_64\bin\management_ext.dll

Deoptimization events (20 events):
Event: 629.293 Thread 0x000001d9f091fcd0 DEOPT PACKING pc=0x000001d9e0312860 sp=0x0000007e401fe1f0
Event: 629.293 Thread 0x000001d9f091fcd0 DEOPT UNPACKING pc=0x000001d9df6b3aa2 sp=0x0000007e401fe180 mode 2
Event: 629.293 Thread 0x000001d9f091fcd0 Uncommon trap: trap_request=0xffffff45 fr.pc=0x000001d9e0277104 relative=0x0000000000001304
Event: 629.293 Thread 0x000001d9f091fcd0 Uncommon trap: reason=unstable_if action=reinterpret pc=0x000001d9e0277104 method=java.util.HashMap.putVal(ILjava/lang/Object;Ljava/lang/Object;ZZ)Ljava/lang/Object; @ 206 c2
Event: 629.293 Thread 0x000001d9f091fcd0 DEOPT PACKING pc=0x000001d9e0277104 sp=0x0000007e401fe610
Event: 629.294 Thread 0x000001d9f091fcd0 DEOPT UNPACKING pc=0x000001d9df6b3aa2 sp=0x0000007e401fe440 mode 2
Event: 629.308 Thread 0x000001d9f091fcd0 Uncommon trap: trap_request=0xffffff45 fr.pc=0x000001d9e02499e8 relative=0x00000000000008c8
Event: 629.308 Thread 0x000001d9f091fcd0 Uncommon trap: reason=unstable_if action=reinterpret pc=0x000001d9e02499e8 method=java.util.HashMap.putVal(ILjava/lang/Object;Ljava/lang/Object;ZZ)Ljava/lang/Object; @ 206 c2
Event: 629.308 Thread 0x000001d9f091fcd0 DEOPT PACKING pc=0x000001d9e02499e8 sp=0x0000007e401fe5c0
Event: 629.308 Thread 0x000001d9f091fcd0 DEOPT UNPACKING pc=0x000001d9df6b3aa2 sp=0x0000007e401fe448 mode 2
Event: 629.373 Thread 0x000001d9f091fcd0 Uncommon trap: trap_request=0xffffff45 fr.pc=0x000001d9e022e6b4 relative=0x0000000000000594
Event: 629.373 Thread 0x000001d9f091fcd0 Uncommon trap: reason=unstable_if action=reinterpret pc=0x000001d9e022e6b4 method=java.util.HashMap.putVal(ILjava/lang/Object;Ljava/lang/Object;ZZ)Ljava/lang/Object; @ 206 c2
Event: 629.373 Thread 0x000001d9f091fcd0 DEOPT PACKING pc=0x000001d9e022e6b4 sp=0x0000007e401fe530
Event: 629.373 Thread 0x000001d9f091fcd0 DEOPT UNPACKING pc=0x000001d9df6b3aa2 sp=0x0000007e401fe428 mode 2
Event: 629.836 Thread 0x000001d9f091fcd0 DEOPT PACKING pc=0x000001d9d93af49a sp=0x0000007e401fe270
Event: 629.836 Thread 0x000001d9f091fcd0 DEOPT UNPACKING pc=0x000001d9df6b4242 sp=0x0000007e401fd780 mode 0
Event: 630.397 Thread 0x000001d9f091fcd0 DEOPT PACKING pc=0x000001d9d93af49a sp=0x0000007e401fe270
Event: 630.397 Thread 0x000001d9f091fcd0 DEOPT UNPACKING pc=0x000001d9df6b4242 sp=0x0000007e401fd780 mode 0
Event: 630.857 Thread 0x000001d9f0921da0 DEOPT PACKING pc=0x000001d9d93af49a sp=0x0000007e3fffecc0
Event: 630.857 Thread 0x000001d9f0921da0 DEOPT UNPACKING pc=0x000001d9df6b4242 sp=0x0000007e3fffe1d0 mode 0

Classes loaded (20 events):
Event: 90.294 Loading class java/util/stream/ReduceOps$1
Event: 90.295 Loading class java/util/stream/ReduceOps$1 done
Event: 90.295 Loading class java/util/stream/ReduceOps$1ReducingSink
Event: 90.295 Loading class java/util/stream/ReduceOps$1ReducingSink done
Event: 353.738 Loading class java/util/stream/Nodes$CollectorTask$OfRef
Event: 353.743 Loading class java/util/stream/Nodes$CollectorTask
Event: 353.751 Loading class java/util/stream/Nodes$CollectorTask done
Event: 353.751 Loading class java/util/stream/Nodes$CollectorTask$OfRef done
Event: 353.753 Loading class java/util/function/LongFunction
Event: 353.754 Loading class java/util/function/LongFunction done
Event: 353.755 Loading class java/util/stream/Nodes$ConcNode
Event: 353.758 Loading class java/util/stream/Nodes$AbstractConcNode
Event: 353.760 Loading class java/util/stream/Nodes$AbstractConcNode done
Event: 353.760 Loading class java/util/stream/Nodes$ConcNode done
Event: 353.956 Loading class java/io/ObjectOutputStream$BlockDataOutputStream
Event: 353.958 Loading class java/io/ObjectOutputStream$BlockDataOutputStream done
Event: 353.959 Loading class java/io/ObjectOutputStream$HandleTable
Event: 353.961 Loading class java/io/ObjectOutputStream$HandleTable done
Event: 353.961 Loading class java/io/ObjectOutputStream$ReplaceTable
Event: 353.962 Loading class java/io/ObjectOutputStream$ReplaceTable done

Classes unloaded (13 events):
Event: 46.741 Thread 0x000001d9e9314500 Unloading class 0x000001d981199400 'java/lang/invoke/LambdaForm$MH+0x000001d981199400'
Event: 46.741 Thread 0x000001d9e9314500 Unloading class 0x000001d981199000 'java/lang/invoke/LambdaForm$MH+0x000001d981199000'
Event: 46.741 Thread 0x000001d9e9314500 Unloading class 0x000001d981198c00 'java/lang/invoke/LambdaForm$MH+0x000001d981198c00'
Event: 46.741 Thread 0x000001d9e9314500 Unloading class 0x000001d981198800 'java/lang/invoke/LambdaForm$MH+0x000001d981198800'
Event: 46.741 Thread 0x000001d9e9314500 Unloading class 0x000001d981198400 'java/lang/invoke/LambdaForm$BMH+0x000001d981198400'
Event: 46.741 Thread 0x000001d9e9314500 Unloading class 0x000001d981198000 'java/lang/invoke/LambdaForm$DMH+0x000001d981198000'
Event: 46.741 Thread 0x000001d9e9314500 Unloading class 0x000001d981196c00 'java/lang/invoke/LambdaForm$DMH+0x000001d981196c00'
Event: 48.896 Thread 0x000001d9e9314500 Unloading class 0x000001d9812cc800 'java/lang/invoke/LambdaForm$MH+0x000001d9812cc800'
Event: 48.896 Thread 0x000001d9e9314500 Unloading class 0x000001d9812cbc00 'java/lang/invoke/LambdaForm$MH+0x000001d9812cbc00'
Event: 48.896 Thread 0x000001d9e9314500 Unloading class 0x000001d9812cb400 'java/lang/invoke/LambdaForm$MH+0x000001d9812cb400'
Event: 48.896 Thread 0x000001d9e9314500 Unloading class 0x000001d9812cb000 'java/lang/invoke/LambdaForm$MH+0x000001d9812cb000'
Event: 48.896 Thread 0x000001d9e9314500 Unloading class 0x000001d9812ca800 'java/lang/invoke/LambdaForm$DMH+0x000001d9812ca800'
Event: 48.896 Thread 0x000001d9e9314500 Unloading class 0x000001d9812c9c00 'java/lang/invoke/LambdaForm$MH+0x000001d9812c9c00'

Classes redefined (0 events):
No events

Internal exceptions (20 events):
Event: 90.158 Thread 0x000001d9f0923150 Exception <a 'sun/nio/fs/WindowsException'{0x00000000eab7d0e0}> (0x00000000eab7d0e0) 
thrown [s\src\hotspot\share\prims\jni.cpp, line 520]
Event: 90.160 Thread 0x000001d9f0923150 Exception <a 'sun/nio/fs/WindowsException'{0x00000000eab7ea38}> (0x00000000eab7ea38) 
thrown [s\src\hotspot\share\prims\jni.cpp, line 520]
Event: 90.160 Thread 0x000001d9f0923150 Exception <a 'sun/nio/fs/WindowsException'{0x00000000eab7f318}> (0x00000000eab7f318) 
thrown [s\src\hotspot\share\prims\jni.cpp, line 520]
Event: 90.197 Thread 0x000001d9f1b1cc10 Exception <a 'sun/nio/fs/WindowsException'{0x00000000eab7cb98}> (0x00000000eab7cb98) 
thrown [s\src\hotspot\share\prims\jni.cpp, line 520]
Event: 90.198 Thread 0x000001d9f1b1cc10 Exception <a 'sun/nio/fs/WindowsException'{0x00000000eab7d1c8}> (0x00000000eab7d1c8) 
thrown [s\src\hotspot\share\prims\jni.cpp, line 520]
Event: 90.198 Thread 0x000001d9f1b1cc10 Exception <a 'sun/nio/fs/WindowsException'{0x00000000eab7dc68}> (0x00000000eab7dc68) 
thrown [s\src\hotspot\share\prims\jni.cpp, line 520]
Event: 90.198 Thread 0x000001d9f1b1cc10 Exception <a 'sun/nio/fs/WindowsException'{0x00000000eab7e298}> (0x00000000eab7e298) 
thrown [s\src\hotspot\share\prims\jni.cpp, line 520]
Event: 90.199 Thread 0x000001d9f1b1cc10 Exception <a 'sun/nio/fs/WindowsException'{0x00000000eab7f8e0}> (0x00000000eab7f8e0) 
thrown [s\src\hotspot\share\prims\jni.cpp, line 520]
Event: 90.199 Thread 0x000001d9f1b1cc10 Exception <a 'sun/nio/fs/WindowsException'{0x00000000eab7ff10}> (0x00000000eab7ff10) 
thrown [s\src\hotspot\share\prims\jni.cpp, line 520]
Event: 90.207 Thread 0x000001d9f1b1cc10 Exception <a 'sun/nio/fs/WindowsException'{0x00000000eabdded8}> (0x00000000eabdded8) 
thrown [s\src\hotspot\share\prims\jni.cpp, line 520]
Event: 90.207 Thread 0x000001d9f1b1cc10 Exception <a 'sun/nio/fs/WindowsException'{0x00000000eabde508}> (0x00000000eabde508) 
thrown [s\src\hotspot\share\prims\jni.cpp, line 520]
Event: 90.208 Thread 0x000001d9f1b1cc10 Exception <a 'sun/nio/fs/WindowsException'{0x00000000eabdefa8}> (0x00000000eabdefa8) 
thrown [s\src\hotspot\share\prims\jni.cpp, line 520]
Event: 90.208 Thread 0x000001d9f1b1cc10 Exception <a 'sun/nio/fs/WindowsException'{0x00000000eabdf5d8}> (0x00000000eabdf5d8) 
thrown [s\src\hotspot\share\prims\jni.cpp, line 520]
Event: 90.209 Thread 0x000001d9f1b1cc10 Exception <a 'sun/nio/fs/WindowsException'{0x00000000eabe0bf8}> (0x00000000eabe0bf8) 
thrown [s\src\hotspot\share\prims\jni.cpp, line 520]
Event: 90.209 Thread 0x000001d9f1b1cc10 Exception <a 'sun/nio/fs/WindowsException'{0x00000000eabe1228}> (0x00000000eabe1228) 
thrown [s\src\hotspot\share\prims\jni.cpp, line 520]
Event: 90.257 Thread 0x000001d9f1b1cc10 Exception <a 'sun/nio/fs/WindowsException'{0x00000000eabd1d90}> (0x00000000eabd1d90) 
thrown [s\src\hotspot\share\prims\jni.cpp, line 520]
Event: 90.257 Thread 0x000001d9f1b1cc10 Exception <a 'sun/nio/fs/WindowsException'{0x00000000eabd23c0}> (0x00000000eabd23c0) 
thrown [s\src\hotspot\share\prims\jni.cpp, line 520]
Event: 354.056 Thread 0x000001d9f1b1f370 Exception <a 'java/lang/NoSuchMethodError'{0x00000000eab72830}: 'java.lang.Object java.lang.invoke.DirectMethodHandle$Holder.newInvokeSpecial(java.lang.Object, java.lang.Object, java.lang.Object, java.lang.Object, java.lang.Object, java.lang.Object, java.lang.Object, java.lang.Object)'> (0x00000000eab72830) 
thrown [s\src\hotspot\share\interpreter\linkResolver.cpp, line 773]
Event: 390.830 Thread 0x000001d9f091f640 Exception <a 'java/lang/IncompatibleClassChangeError'{0x00000000eabb52f8}: Found class java.lang.Object, but interface was expected> (0x00000000eabb52f8) 
thrown [s\src\hotspot\share\interpreter\linkResolver.cpp, line 840]
Event: 398.576 Thread 0x000001d9f0923150 Implicit null exception at 0x000001d9e01fd9dd to 0x000001d9e01fdb88

ZGC Phase Switch (0 events):
No events

VM Operations (20 events):
Event: 675.133 Executing VM operation: ParallelGCFailedAllocation (Allocation Failure)
Event: 675.142 Executing VM operation: ParallelGCFailedAllocation (Allocation Failure) done
Event: 679.124 Executing VM operation: ParallelGCFailedAllocation (Allocation Failure)
Event: 679.134 Executing VM operation: ParallelGCFailedAllocation (Allocation Failure) done
Event: 686.780 Executing VM operation: ParallelGCFailedAllocation (Allocation Failure)
Event: 686.783 Executing VM operation: ParallelGCFailedAllocation (Allocation Failure) done
Event: 687.312 Executing VM operation: ParallelGCFailedAllocation (Allocation Failure)
Event: 687.314 Executing VM operation: ParallelGCFailedAllocation (Allocation Failure) done
Event: 687.348 Executing VM operation: ParallelGCFailedAllocation (Allocation Failure)
Event: 687.385 Executing VM operation: ParallelGCFailedAllocation (Allocation Failure) done
Event: 687.808 Executing VM operation: ParallelGCFailedAllocation (Allocation Failure)
Event: 687.814 Executing VM operation: ParallelGCFailedAllocation (Allocation Failure) done
Event: 688.204 Executing VM operation: ParallelGCFailedAllocation (Allocation Failure)
Event: 688.209 Executing VM operation: ParallelGCFailedAllocation (Allocation Failure) done
Event: 688.232 Executing VM operation: ParallelGCFailedAllocation (Allocation Failure)
Event: 688.284 Executing VM operation: ParallelGCFailedAllocation (Allocation Failure) done
Event: 688.473 Executing VM operation: ParallelGCFailedAllocation (Allocation Failure)
Event: 688.475 Executing VM operation: ParallelGCFailedAllocation (Allocation Failure) done
Event: 688.508 Executing VM operation: ParallelGCFailedAllocation (Allocation Failure)
Event: 688.564 Executing VM operation: ParallelGCFailedAllocation (Allocation Failure) done

Memory protections (0 events):
No events

Nmethod flushes (20 events):
Event: 74.729 Thread 0x000001d9e9314500 flushing  nmethod 0x000001d9d8a84f90
Event: 74.729 Thread 0x000001d9e9314500 flushing  nmethod 0x000001d9d8a85e10
Event: 74.729 Thread 0x000001d9e9314500 flushing  nmethod 0x000001d9d8a8d790
Event: 74.729 Thread 0x000001d9e9314500 flushing  nmethod 0x000001d9d8a8df10
Event: 74.729 Thread 0x000001d9e9314500 flushing  nmethod 0x000001d9d8a8e290
Event: 74.729 Thread 0x000001d9e9314500 flushing  nmethod 0x000001d9d8a8f190
Event: 74.729 Thread 0x000001d9e9314500 flushing  nmethod 0x000001d9d8a92090
Event: 74.729 Thread 0x000001d9e9314500 flushing  nmethod 0x000001d9d8a92490
Event: 74.729 Thread 0x000001d9e9314500 flushing  nmethod 0x000001d9d8a92810
Event: 74.729 Thread 0x000001d9e9314500 flushing  nmethod 0x000001d9d8a92d90
Event: 74.729 Thread 0x000001d9e9314500 flushing  nmethod 0x000001d9d8a93190
Event: 74.729 Thread 0x000001d9e9314500 flushing  nmethod 0x000001d9d8a93c90
Event: 74.729 Thread 0x000001d9e9314500 flushing  nmethod 0x000001d9d8a99710
Event: 74.729 Thread 0x000001d9e9314500 flushing  nmethod 0x000001d9d8a9a790
Event: 74.729 Thread 0x000001d9e9314500 flushing  nmethod 0x000001d9d8aa5f90
Event: 74.729 Thread 0x000001d9e9314500 flushing  nmethod 0x000001d9d8aa6590
Event: 74.729 Thread 0x000001d9e9314500 flushing  nmethod 0x000001d9d8ae2a10
Event: 74.729 Thread 0x000001d9e9314500 flushing  nmethod 0x000001d9d8ae5c10
Event: 74.729 Thread 0x000001d9e9314500 flushing  nmethod 0x000001d9d8ae6210
Event: 74.729 Thread 0x000001d9e9314500 flushing osr nmethod 0x000001d9d8af5290

Events (20 events):
Event: 390.837 Thread 0x000001d9f091f640 Thread added: 0x000001d9f0923150
Event: 390.892 Thread 0x000001d9f0923150 Thread added: 0x000001d9f091c1c0
Event: 390.894 Thread 0x000001d9f0923150 Thread added: 0x000001d9f0921da0
Event: 390.931 Thread 0x000001d9d4ffbd70 Thread added: 0x000001d9fbf796e0
Event: 396.064 Thread 0x000001d9fbf796e0 Thread exited: 0x000001d9fbf796e0
Event: 398.620 Thread 0x000001d9d4ffbd70 Thread added: 0x000001d9fbf78940
Event: 399.069 Thread 0x000001d9f091c1c0 Thread added: 0x000001d9f091fcd0
Event: 401.506 Thread 0x000001d9fbf78940 Thread exited: 0x000001d9fbf78940
Event: 405.234 Thread 0x000001d9d4ff2250 Thread added: 0x000001d9fbf774d0
Event: 405.528 Thread 0x000001d9f091c1c0 Thread added: 0x000001d9f091c850
Event: 406.190 Thread 0x000001d9fbf774d0 Thread exited: 0x000001d9fbf774d0
Event: 469.896 Thread 0x000001d9f091c1c0 Thread exited: 0x000001d9f091c1c0
Event: 529.902 Thread 0x000001d9f0923150 Thread exited: 0x000001d9f0923150
Event: 589.904 Thread 0x000001d9f091c850 Thread exited: 0x000001d9f091c850
Event: 626.361 Thread 0x000001d9f091fcd0 Thread added: 0x000001d9f09209f0
Event: 626.365 Thread 0x000001d9f0921da0 Thread added: 0x000001d9f0922430
Event: 626.366 Thread 0x000001d9f0921da0 Thread added: 0x000001d9f0923150
Event: 628.470 Thread 0x000001d9d4ff2250 Thread added: 0x000001d9fbf796e0
Event: 630.842 Thread 0x000001d9fbf796e0 Thread exited: 0x000001d9fbf796e0
Event: 687.763 Thread 0x000001d9f091fcd0 Thread added: 0x000001d9f091e290


Dynamic libraries:
0x00007ff78ccf0000 - 0x00007ff78ccfe000 	c:\Users\PMLS\.cursor\extensions\redhat.java-1.40.0-win32-x64\jre\21.0.6-win32-x86_64\bin\java.exe
0x00007ffd21a70000 - 0x00007ffd21c87000 	C:\WINDOWS\SYSTEM32\ntdll.dll
0x00007ffd1fb30000 - 0x00007ffd1fbf4000 	C:\WINDOWS\System32\KERNEL32.DLL
0x00007ffd1f360000 - 0x00007ffd1f731000 	C:\WINDOWS\System32\KERNELBASE.dll
0x00007ffd1ad10000 - 0x00007ffd1ada7000 	C:\WINDOWS\SYSTEM32\apphelp.dll
0x00007ffd1f000000 - 0x00007ffd1f111000 	C:\WINDOWS\System32\ucrtbase.dll
0x00007ffcf52f0000 - 0x00007ffcf5308000 	c:\Users\PMLS\.cursor\extensions\redhat.java-1.40.0-win32-x64\jre\21.0.6-win32-x86_64\bin\jli.dll
0x00007ffd201a0000 - 0x00007ffd20351000 	C:\WINDOWS\System32\USER32.dll
0x00007ffd1ec60000 - 0x00007ffd1ec86000 	C:\WINDOWS\System32\win32u.dll
0x00007ffd20890000 - 0x00007ffd208b9000 	C:\WINDOWS\System32\GDI32.dll
0x00007ffd1f1c0000 - 0x00007ffd1f2db000 	C:\WINDOWS\System32\gdi32full.dll
0x00007ffd1f120000 - 0x00007ffd1f1ba000 	C:\WINDOWS\System32\msvcp_win.dll
0x00007ffcf5930000 - 0x00007ffcf594e000 	c:\Users\PMLS\.cursor\extensions\redhat.java-1.40.0-win32-x64\jre\21.0.6-win32-x86_64\bin\VCRUNTIME140.dll
0x00007ffd0b9e0000 - 0x00007ffd0bc72000 	C:\WINDOWS\WinSxS\amd64_microsoft.windows.common-controls_6595b64144ccf1df_6.0.22621.4830_none_270fe7d773858e80\COMCTL32.dll
0x00007ffd20460000 - 0x00007ffd20507000 	C:\WINDOWS\System32\msvcrt.dll
0x00007ffd20690000 - 0x00007ffd206c1000 	C:\WINDOWS\System32\IMM32.DLL
0x00007ffd0d0e0000 - 0x00007ffd0d0ec000 	c:\Users\PMLS\.cursor\extensions\redhat.java-1.40.0-win32-x64\jre\21.0.6-win32-x86_64\bin\vcruntime140_1.dll
0x00007ffcd4310000 - 0x00007ffcd439d000 	c:\Users\PMLS\.cursor\extensions\redhat.java-1.40.0-win32-x64\jre\21.0.6-win32-x86_64\bin\msvcp140.dll
0x00007ffc9aac0000 - 0x00007ffc9b850000 	c:\Users\PMLS\.cursor\extensions\redhat.java-1.40.0-win32-x64\jre\21.0.6-win32-x86_64\bin\server\jvm.dll
0x00007ffd205d0000 - 0x00007ffd20681000 	C:\WINDOWS\System32\ADVAPI32.dll
0x00007ffd20510000 - 0x00007ffd205b7000 	C:\WINDOWS\System32\sechost.dll
0x00007ffd1ec30000 - 0x00007ffd1ec58000 	C:\WINDOWS\System32\bcrypt.dll
0x00007ffd1f9b0000 - 0x00007ffd1fac4000 	C:\WINDOWS\System32\RPCRT4.dll
0x00007ffd21500000 - 0x00007ffd21571000 	C:\WINDOWS\System32\WS2_32.dll
0x00007ffd1e9d0000 - 0x00007ffd1ea1d000 	C:\WINDOWS\SYSTEM32\POWRPROF.dll
0x00007ffd04710000 - 0x00007ffd0471a000 	C:\WINDOWS\SYSTEM32\VERSION.dll
0x00007ffd15c10000 - 0x00007ffd15c44000 	C:\WINDOWS\SYSTEM32\WINMM.dll
0x00007ffd1e9b0000 - 0x00007ffd1e9c3000 	C:\WINDOWS\SYSTEM32\UMPDC.dll
0x00007ffd1dbc0000 - 0x00007ffd1dbd8000 	C:\WINDOWS\SYSTEM32\kernel.appcore.dll
0x00007ffd0cf30000 - 0x00007ffd0cf3a000 	c:\Users\PMLS\.cursor\extensions\redhat.java-1.40.0-win32-x64\jre\21.0.6-win32-x86_64\bin\jimage.dll
0x00007ffd1c100000 - 0x00007ffd1c332000 	C:\WINDOWS\SYSTEM32\DBGHELP.DLL
0x00007ffd208e0000 - 0x00007ffd20c70000 	C:\WINDOWS\System32\combase.dll
0x00007ffd20360000 - 0x00007ffd20437000 	C:\WINDOWS\System32\OLEAUT32.dll
0x00007ffcf41a0000 - 0x00007ffcf41d2000 	C:\WINDOWS\SYSTEM32\dbgcore.DLL
0x00007ffd1ebb0000 - 0x00007ffd1ec2b000 	C:\WINDOWS\System32\bcryptPrimitives.dll
0x00007ffd0cd10000 - 0x00007ffd0cd1f000 	c:\Users\PMLS\.cursor\extensions\redhat.java-1.40.0-win32-x64\jre\21.0.6-win32-x86_64\bin\instrument.dll
0x00007ffcf4a60000 - 0x00007ffcf4a7f000 	c:\Users\PMLS\.cursor\extensions\redhat.java-1.40.0-win32-x64\jre\21.0.6-win32-x86_64\bin\java.dll
0x00007ffd20c70000 - 0x00007ffd214f8000 	C:\WINDOWS\System32\SHELL32.dll
0x00007ffd1ec90000 - 0x00007ffd1edcf000 	C:\WINDOWS\System32\wintypes.dll
0x00007ffd1cac0000 - 0x00007ffd1d3cd000 	C:\WINDOWS\SYSTEM32\windows.storage.dll
0x00007ffd1f740000 - 0x00007ffd1f84a000 	C:\WINDOWS\System32\SHCORE.dll
0x00007ffd218e0000 - 0x00007ffd2193e000 	C:\WINDOWS\System32\shlwapi.dll
0x00007ffd1eae0000 - 0x00007ffd1eb0b000 	C:\WINDOWS\SYSTEM32\profapi.dll
0x00007ffcf4750000 - 0x00007ffcf4768000 	c:\Users\PMLS\.cursor\extensions\redhat.java-1.40.0-win32-x64\jre\21.0.6-win32-x86_64\bin\zip.dll
0x00007ffd0ce00000 - 0x00007ffd0ce10000 	C:\Users\PMLS\.cursor\extensions\redhat.java-1.40.0-win32-x64\jre\21.0.6-win32-x86_64\bin\net.dll
0x00007ffd1b330000 - 0x00007ffd1b45c000 	C:\WINDOWS\SYSTEM32\WINHTTP.dll
0x00007ffd1e020000 - 0x00007ffd1e08a000 	C:\WINDOWS\system32\mswsock.dll
0x00007ffcf3660000 - 0x00007ffcf3676000 	C:\Users\PMLS\.cursor\extensions\redhat.java-1.40.0-win32-x64\jre\21.0.6-win32-x86_64\bin\nio.dll
0x00007ffd0bcb0000 - 0x00007ffd0bcc0000 	c:\Users\PMLS\.cursor\extensions\redhat.java-1.40.0-win32-x64\jre\21.0.6-win32-x86_64\bin\verify.dll
0x00007ffced180000 - 0x00007ffced1c5000 	C:\Users\PMLS\AppData\Roaming\Cursor\User\globalStorage\redhat.java\1.40.0\config_win\org.eclipse.equinox.launcher\org.eclipse.equinox.launcher.win32.win32.x86_64_1.2.1200.v20250212-0927\eclipse_11909.dll
0x00007ffd21730000 - 0x00007ffd218d1000 	C:\WINDOWS\System32\ole32.dll
0x00007ffd1e370000 - 0x00007ffd1e38b000 	C:\WINDOWS\SYSTEM32\CRYPTSP.dll
0x00007ffd1db20000 - 0x00007ffd1db57000 	C:\WINDOWS\system32\rsaenh.dll
0x00007ffd1e0c0000 - 0x00007ffd1e0e8000 	C:\WINDOWS\SYSTEM32\USERENV.dll
0x00007ffd1e350000 - 0x00007ffd1e35c000 	C:\WINDOWS\SYSTEM32\CRYPTBASE.dll
0x00007ffd1d630000 - 0x00007ffd1d65d000 	C:\WINDOWS\SYSTEM32\IPHLPAPI.DLL
0x00007ffd205c0000 - 0x00007ffd205c9000 	C:\WINDOWS\System32\NSI.dll
0x00007ffd0bf70000 - 0x00007ffd0bfb9000 	C:\Users\PMLS\AppData\Local\Temp\jna-76263555\jna6276661988888309145.dll
0x00007ffd20130000 - 0x00007ffd20138000 	C:\WINDOWS\System32\PSAPI.DLL
0x00007ffd18d90000 - 0x00007ffd18da9000 	C:\WINDOWS\SYSTEM32\dhcpcsvc6.DLL
0x00007ffd18980000 - 0x00007ffd1899f000 	C:\WINDOWS\SYSTEM32\dhcpcsvc.DLL
0x00007ffd057d0000 - 0x00007ffd057de000 	C:\Users\PMLS\.cursor\extensions\redhat.java-1.40.0-win32-x64\jre\21.0.6-win32-x86_64\bin\sunmscapi.dll
0x00007ffd1edd0000 - 0x00007ffd1ef36000 	C:\WINDOWS\System32\CRYPT32.dll
0x00007ffd1e480000 - 0x00007ffd1e4ad000 	C:\WINDOWS\SYSTEM32\ncrypt.dll
0x00007ffd1e440000 - 0x00007ffd1e477000 	C:\WINDOWS\SYSTEM32\NTASN1.dll
0x00007ffd1d660000 - 0x00007ffd1d762000 	C:\WINDOWS\SYSTEM32\DNSAPI.dll
0x00007ffd15970000 - 0x00007ffd1597a000 	C:\Windows\System32\rasadhlp.dll
0x00007ffd159c0000 - 0x00007ffd15a43000 	C:\WINDOWS\System32\fwpuclnt.dll
0x00007ffd03b00000 - 0x00007ffd03b09000 	C:\Users\PMLS\.cursor\extensions\redhat.java-1.40.0-win32-x64\jre\21.0.6-win32-x86_64\bin\extnet.dll
0x00007ffd0ef20000 - 0x00007ffd0ef47000 	C:\Users\PMLS\.gradle\native\68d5fa5c4cc2d200863cafc0d521ce42e7d3e7ee720ec0a83991735586a16f82\windows-amd64\native-platform.dll
0x00007ffd0a940000 - 0x00007ffd0a94a000 	C:\Users\PMLS\.cursor\extensions\redhat.java-1.40.0-win32-x64\jre\21.0.6-win32-x86_64\bin\management.dll
0x00007ffd0a660000 - 0x00007ffd0a66b000 	C:\Users\PMLS\.cursor\extensions\redhat.java-1.40.0-win32-x64\jre\21.0.6-win32-x86_64\bin\management_ext.dll

dbghelp: loaded successfully - version: 4.0.5 - missing functions: none
symbol engine: initialized successfully - sym options: 0x614 - pdb path: .;c:\Users\PMLS\.cursor\extensions\redhat.java-1.40.0-win32-x64\jre\21.0.6-win32-x86_64\bin;C:\WINDOWS\SYSTEM32;C:\WINDOWS\WinSxS\amd64_microsoft.windows.common-controls_6595b64144ccf1df_6.0.22621.4830_none_270fe7d773858e80;c:\Users\PMLS\.cursor\extensions\redhat.java-1.40.0-win32-x64\jre\21.0.6-win32-x86_64\bin\server;C:\Users\PMLS\AppData\Roaming\Cursor\User\globalStorage\redhat.java\1.40.0\config_win\org.eclipse.equinox.launcher\org.eclipse.equinox.launcher.win32.win32.x86_64_1.2.1200.v20250212-0927;C:\Users\PMLS\AppData\Local\Temp\jna-76263555;C:\Users\PMLS\.gradle\native\68d5fa5c4cc2d200863cafc0d521ce42e7d3e7ee720ec0a83991735586a16f82\windows-amd64

VM Arguments:
jvm_args: --add-modules=ALL-SYSTEM --add-opens=java.base/java.util=ALL-UNNAMED --add-opens=java.base/java.lang=ALL-UNNAMED --add-opens=java.base/sun.nio.fs=ALL-UNNAMED -Declipse.application=org.eclipse.jdt.ls.core.id1 -Dosgi.bundles.defaultStartLevel=4 -Declipse.product=org.eclipse.jdt.ls.core.product -Djava.import.generatesMetadataFilesAtProjectRoot=false -DDetectVMInstallationsJob.disabled=true -Dfile.encoding=utf8 -XX:+UseParallelGC -XX:GCTimeRatio=4 -XX:AdaptiveSizePolicyWeight=90 -Dsun.zip.disableMemoryMapping=true -Xmx1G -Xms100m -Xlog:disable -javaagent:c:\Users\PMLS\.cursor\extensions\redhat.java-1.40.0-win32-x64\lombok\lombok-1.18.36.jar -XX:+HeapDumpOnOutOfMemoryError -XX:HeapDumpPath=c:\Users\PMLS\AppData\Roaming\Cursor\User\workspaceStorage\378ecf23b01c2f05c6648fc96fc238f3\redhat.java -Daether.dependencyCollector.impl=bf 
java_command: c:\Users\PMLS\.cursor\extensions\redhat.java-1.40.0-win32-x64\server\plugins\org.eclipse.equinox.launcher_1.6.1000.v20250131-0606.jar -configuration c:\Users\PMLS\AppData\Roaming\Cursor\User\globalStorage\redhat.java\1.40.0\config_win -data c:\Users\PMLS\AppData\Roaming\Cursor\User\workspaceStorage\378ecf23b01c2f05c6648fc96fc238f3\redhat.java\jdt_ws --pipe=\\.\pipe\lsp-bd8ee577a9d6028f8df9f230660672b8-sock
java_class_path (initial): c:\Users\PMLS\.cursor\extensions\redhat.java-1.40.0-win32-x64\server\plugins\org.eclipse.equinox.launcher_1.6.1000.v20250131-0606.jar
Launcher Type: SUN_STANDARD

[Global flags]
    uintx AdaptiveSizePolicyWeight                 = 90                                        {product} {command line}
     intx CICompilerCount                          = 4                                         {product} {ergonomic}
    uintx GCTimeRatio                              = 4                                         {product} {command line}
     bool HeapDumpOnOutOfMemoryError               = true                                   {manageable} {command line}
    ccstr HeapDumpPath                             = c:\Users\PMLS\AppData\Roaming\Cursor\User\workspaceStorage\378ecf23b01c2f05c6648fc96fc238f3\redhat.java         {manageable} {command line}
   size_t InitialHeapSize                          = 104857600                                 {product} {command line}
   size_t MaxHeapSize                              = 1073741824                                {product} {command line}
   size_t MaxNewSize                               = 357564416                                 {product} {ergonomic}
   size_t MinHeapDeltaBytes                        = 524288                                    {product} {ergonomic}
   size_t MinHeapSize                              = 104857600                                 {product} {command line}
   size_t NewSize                                  = 34603008                                  {product} {ergonomic}
    uintx NonNMethodCodeHeapSize                   = 5839372                                {pd product} {ergonomic}
    uintx NonProfiledCodeHeapSize                  = 122909434                              {pd product} {ergonomic}
   size_t OldSize                                  = 70254592                                  {product} {ergonomic}
    uintx ProfiledCodeHeapSize                     = 122909434                              {pd product} {ergonomic}
    uintx ReservedCodeCacheSize                    = 251658240                              {pd product} {ergonomic}
     bool SegmentedCodeCache                       = true                                      {product} {ergonomic}
   size_t SoftMaxHeapSize                          = 1073741824                             {manageable} {ergonomic}
     bool UseCompressedOops                        = true                           {product lp64_product} {ergonomic}
     bool UseLargePagesIndividualAllocation        = false                                  {pd product} {ergonomic}
     bool UseParallelGC                            = true                                      {product} {command line}

Logging:
Log output configuration:
 #0: stdout all=off uptime,level,tags foldmultilines=false
 #1: stderr all=off uptime,level,tags foldmultilines=false

Environment Variables:
JAVA_HOME=C:\Program Files\Java\jdk-17
PATH=C:\Program Files\Common Files\Oracle\Java\javapath;C:\Program Files\Python312\Scripts\;C:\Program Files\Python312\;C:\WINDOWS\system32;C:\WINDOWS;C:\WINDOWS\System32\Wbem;C:\WINDOWS\System32\WindowsPowerShell\v1.0\;C:\WINDOWS\System32\OpenSSH\;C:\Program Files\Git\cmd;C:\src\flutter\bin;C:\Program Files\dotnet\;C:\Program Files (x86)\Windows Kits\10\Windows Performance Toolkit\;C:\Users\PMLS\Downloads\platform-tools_r34.0.5-windows;C:\Program Files\Git\bin;C:\cmdline-tools\bin;C:\Program Files\CMake\bin;C:\Program Files\Java\jdk-17\bin;C:\Program Files\Common Files\Oracle\Java\javapath;C:\Program Files\Python312\Scripts\;C:\Program Files\Python312\;C:\WINDOWS\system32;C:\WINDOWS;C:\WINDOWS\System32\Wbem;C:\WINDOWS\System32\WindowsPowerShell\v1.0\;C:\WINDOWS\System32\OpenSSH\;C:\Program Files\Git\cmd;C:\src\flutter\bin;C:\Program Files\dotnet\;C:\Program Files (x86)\Windows Kits\10\Windows Performance Toolkit\;C:\Users\PMLS\Downloads\platform-tools_r34.0.5-windows;C:\Program Files\Git\bin;C:\cmdline-tools\bin;C:\Program Files\CMake\bin;C:\Program Files\Java\jdk-17\bin;C:\Users\PMLS\AppData\Local\Programs\Python\Launcher\;C:\Users\PMLS\AppData\Local\Microsoft\WindowsApps;C:\Users\PMLS\.dotnet\tools;C:\Users\PMLS\AppData\Local\Programs\Microsoft VS Code\bin;C:\Program Files\swipl\bin;C:\apktool;C:\Users\PMLS\AppData\Local\Programs\cursor\resources\app\bin
USERNAME=PMYLS
OS=Windows_NT
PROCESSOR_IDENTIFIER=Intel64 Family 6 Model 154 Stepping 4, GenuineIntel
TMP=C:\Users\PMLS\AppData\Local\Temp
TEMP=C:\Users\PMLS\AppData\Local\Temp




Periodic native trim disabled

---------------  S Y S T E M  ---------------

OS:
 Windows 11 , 64 bit Build 22621 (10.0.22621.4974)
OS uptime: 4 days 22:24 hours
Hyper-V role detected

CPU: total 12 (initial active 12) (6 cores per cpu, 2 threads per core) family 6 model 154 stepping 4 microcode 0x424, cx8, cmov, fxsr, ht, mmx, 3dnowpref, sse, sse2, sse3, ssse3, sse4.1, sse4.2, popcnt, lzcnt, tsc, tscinvbit, avx, avx2, aes, erms, clmul, bmi1, bmi2, adx, sha, fma, vzeroupper, clflush, clflushopt, clwb, hv, serialize, rdtscp, rdpid, fsrm, f16c, cet_ibt, cet_ss
Processor Information for processor 0
  Max Mhz: 1300, Current Mhz: 1300, Mhz Limit: 1300
Processor Information for processor 1
  Max Mhz: 1300, Current Mhz: 1300, Mhz Limit: 1300
Processor Information for processor 2
  Max Mhz: 1300, Current Mhz: 1300, Mhz Limit: 1300
Processor Information for processor 3
  Max Mhz: 1300, Current Mhz: 1300, Mhz Limit: 1300
Processor Information for processor 4
  Max Mhz: 900, Current Mhz: 900, Mhz Limit: 900
Processor Information for processor 5
  Max Mhz: 900, Current Mhz: 900, Mhz Limit: 900
Processor Information for processor 6
  Max Mhz: 900, Current Mhz: 900, Mhz Limit: 900
Processor Information for processor 7
  Max Mhz: 900, Current Mhz: 900, Mhz Limit: 900
Processor Information for processor 8
  Max Mhz: 900, Current Mhz: 900, Mhz Limit: 900
Processor Information for processor 9
  Max Mhz: 900, Current Mhz: 900, Mhz Limit: 900
Processor Information for processor 10
  Max Mhz: 900, Current Mhz: 900, Mhz Limit: 900
Processor Information for processor 11
  Max Mhz: 900, Current Mhz: 900, Mhz Limit: 900

Memory: 4k page, system-wide physical 7916M (553M free)
TotalPageFile size 29316M (AvailPageFile size 154M)
current process WorkingSet (physical memory assigned to process): 209M, peak: 748M
current process commit charge ("private bytes"): 674M, peak: 731M

vm_info: OpenJDK 64-Bit Server VM (21.0.6+7-LTS) for windows-amd64 JRE (21.0.6+7-LTS), built on 2025-01-21T00:00:00Z by "admin" with MS VC++ 17.7 (VS2022)

END.
